  [1m[35m (338.8ms)[0m  [1m[35mCREATE DATABASE "ninety_nine_cats_development" ENCODING = 'unicode'[0m
  ↳ bin/rails:9
  [1m[35m (173.2ms)[0m  [1m[35mCREATE DATABASE "ninety_nine_cats_test" ENCODING = 'unicode'[0m
  ↳ bin/rails:9
  [1m[35m (23.3ms)[0m  [1m[35mCREATE TABLE "schema_migrations" ("version" character varying NOT NULL PRIMARY KEY)[0m
  ↳ bin/rails:9
  [1m[35m (4.3ms)[0m  [1m[35mCREATE TABLE "ar_internal_metadata" ("key" character varying NOT NULL PRIMARY KEY, "value" character varying, "created_at" timestamp NOT NULL, "updated_at" timestamp NOT NULL)[0m
  ↳ bin/rails:9
  [1m[35m (0.2ms)[0m  [1m[34mSELECT pg_try_advisory_lock(723150122408807205)[0m
  ↳ bin/rails:9
  [1m[35m (0.7ms)[0m  [1m[34mSELECT "schema_migrations"."version" FROM "schema_migrations" ORDER BY "schema_migrations"."version" ASC[0m
  ↳ bin/rails:9
Migrating to CreateCats (20200424174843)
  [1m[35m (0.2ms)[0m  [1m[35mBEGIN[0m
  ↳ bin/rails:9
  [1m[35m (63.8ms)[0m  [1m[35mCREATE TABLE "cats" ("id" bigserial primary key, "birth_date" date NOT NULL, "color" character varying NOT NULL, "name" character varying NOT NULL, "sex" character varying(1) NOT NULL, "description" text NOT NULL, "created_at" timestamp NOT NULL, "updated_at" timestamp NOT NULL)[0m
  ↳ db/migrate/20200424174843_create_cats.rb:3
  [1m[36mActiveRecord::SchemaMigration Create (0.6ms)[0m  [1m[32mINSERT INTO "schema_migrations" ("version") VALUES ($1) RETURNING "version"[0m  [["version", "20200424174843"]]
  ↳ bin/rails:9
  [1m[35m (9.8ms)[0m  [1m[35mCOMMIT[0m
  ↳ bin/rails:9
  [1m[36mActiveRecord::InternalMetadata Load (4.0ms)[0m  [1m[34mSELECT  "ar_internal_metadata".* FROM "ar_internal_metadata" WHERE "ar_internal_metadata"."key" = $1 LIMIT $2[0m  [["key", "environment"], ["LIMIT", 1]]
  ↳ bin/rails:9
  [1m[35m (0.2ms)[0m  [1m[35mBEGIN[0m
  ↳ bin/rails:9
  [1m[36mActiveRecord::InternalMetadata Create (0.5ms)[0m  [1m[32mINSERT INTO "ar_internal_metadata" ("key", "value", "created_at", "updated_at") VALUES ($1, $2, $3, $4) RETURNING "key"[0m  [["key", "environment"], ["value", "development"], ["created_at", "2020-04-24 17:51:53.353673"], ["updated_at", "2020-04-24 17:51:53.353673"]]
  ↳ bin/rails:9
  [1m[35m (0.4ms)[0m  [1m[35mCOMMIT[0m
  ↳ bin/rails:9
  [1m[35m (0.3ms)[0m  [1m[34mSELECT pg_advisory_unlock(723150122408807205)[0m
  ↳ bin/rails:9
  [1m[35m (0.3ms)[0m  [1m[34mSELECT "schema_migrations"."version" FROM "schema_migrations" ORDER BY "schema_migrations"."version" ASC[0m
  ↳ bin/rails:9
  [1m[35m (1.0ms)[0m  [1m[34mSELECT "schema_migrations"."version" FROM "schema_migrations" ORDER BY "schema_migrations"."version" ASC[0m
  ↳ bin/rails:9
  [1m[36mCat Load (2.0ms)[0m  [1m[34mSELECT "cats".* FROM "cats"[0m
  ↳ db/seeds.rb:9
  [1m[35m (0.2ms)[0m  [1m[35mBEGIN[0m
  ↳ db/seeds.rb:11
  [1m[35m (0.1ms)[0m  [1m[31mROLLBACK[0m
  ↳ db/seeds.rb:11
  [1m[35m (0.9ms)[0m  [1m[34mSELECT "schema_migrations"."version" FROM "schema_migrations" ORDER BY "schema_migrations"."version" ASC[0m
  ↳ bin/rails:9
  [1m[36mCat Load (0.7ms)[0m  [1m[34mSELECT "cats".* FROM "cats"[0m
  ↳ db/seeds.rb:9
  [1m[35m (0.2ms)[0m  [1m[35mBEGIN[0m
  ↳ db/seeds.rb:11
  [1m[36mCat Create (2.7ms)[0m  [1m[32mINSERT INTO "cats" ("birth_date", "color", "name", "sex", "description", "created_at", "updated_at") VALUES ($1, $2, $3, $4, $5, $6, $7) RETURNING "id"[0m  [["birth_date", "2015-02-03"], ["color", "Cinnamon"], ["name", "Tinkerbell"], ["sex", "F"], ["description", "Never have a spoonful of me"], ["created_at", "2020-04-24 19:14:36.634441"], ["updated_at", "2020-04-24 19:14:36.634441"]]
  ↳ db/seeds.rb:11
  [1m[35m (0.8ms)[0m  [1m[35mCOMMIT[0m
  ↳ db/seeds.rb:11
  [1m[35m (0.2ms)[0m  [1m[35mBEGIN[0m
  ↳ db/seeds.rb:11
  [1m[35m (0.3ms)[0m  [1m[31mROLLBACK[0m
  ↳ db/seeds.rb:11
  [1m[35m (0.2ms)[0m  [1m[35mBEGIN[0m
  ↳ db/seeds.rb:11
  [1m[35m (0.2ms)[0m  [1m[31mROLLBACK[0m
  ↳ db/seeds.rb:11
Started GET "/" for ::1 at 2020-04-24 15:15:05 -0400
  [1m[35m (1.2ms)[0m  [1m[34mSELECT "schema_migrations"."version" FROM "schema_migrations" ORDER BY "schema_migrations"."version" ASC[0m
  ↳ /Users/akifsaifi/.rbenv/versions/2.5.1/lib/ruby/gems/2.5.0/gems/activerecord-5.2.4.2/lib/active_record/log_subscriber.rb:98
Processing by Rails::WelcomeController#index as HTML
  Rendering /Users/akifsaifi/.rbenv/versions/2.5.1/lib/ruby/gems/2.5.0/gems/railties-5.2.4.2/lib/rails/templates/rails/welcome/index.html.erb
  Rendered /Users/akifsaifi/.rbenv/versions/2.5.1/lib/ruby/gems/2.5.0/gems/railties-5.2.4.2/lib/rails/templates/rails/welcome/index.html.erb (4.6ms)
Completed 200 OK in 64ms (Views: 18.4ms | ActiveRecord: 0.0ms)


Started GET "/cats" for ::1 at 2020-04-24 15:15:11 -0400

SyntaxError - syntax error, unexpected ':', expecting keyword_end
        render: :edit
              ^:
  app/controllers/cats_controller.rb:28:in `'

Started POST "/__better_errors/d942021e34b0f26e/variables" for ::1 at 2020-04-24 15:15:12 -0400
Started GET "/" for 127.0.0.1 at 2020-04-24 15:15:12 -0400
Processing by Rails::WelcomeController#index as HTML
  Rendering /Users/akifsaifi/.rbenv/versions/2.5.1/lib/ruby/gems/2.5.0/gems/railties-5.2.4.2/lib/rails/templates/rails/welcome/index.html.erb
  Rendered /Users/akifsaifi/.rbenv/versions/2.5.1/lib/ruby/gems/2.5.0/gems/railties-5.2.4.2/lib/rails/templates/rails/welcome/index.html.erb (3.8ms)
Completed 200 OK in 26ms (Views: 13.5ms | ActiveRecord: 0.0ms)


Started GET "/cats" for 127.0.0.1 at 2020-04-24 15:15:25 -0400

SyntaxError - syntax error, unexpected ':', expecting keyword_end
        render: :edit
              ^:
  app/controllers/cats_controller.rb:28:in `'

Started POST "/__better_errors/d59a109260cb5ebb/variables" for 127.0.0.1 at 2020-04-24 15:15:25 -0400
Started GET "/cats" for ::1 at 2020-04-24 15:15:41 -0400
Processing by CatsController#index as HTML
  Rendering cats/index.html.erb within layouts/application
  [1m[36mCat Load (37.0ms)[0m  [1m[34mSELECT "cats".* FROM "cats"[0m
  ↳ app/views/cats/index.html.erb:6
  Rendered cats/index.html.erb within layouts/application (120.9ms)
Completed 200 OK in 1042ms (Views: 932.9ms | ActiveRecord: 101.9ms)


Started GET "/cats" for 127.0.0.1 at 2020-04-24 15:15:47 -0400
Processing by CatsController#index as HTML
  Rendering cats/index.html.erb within layouts/application
  [1m[36mCat Load (9.9ms)[0m  [1m[34mSELECT "cats".* FROM "cats"[0m
  ↳ app/views/cats/index.html.erb:6
  Rendered cats/index.html.erb within layouts/application (12.0ms)
Completed 200 OK in 116ms (Views: 105.0ms | ActiveRecord: 9.9ms)


  [1m[35m (1.1ms)[0m  [1m[34mSELECT "schema_migrations"."version" FROM "schema_migrations" ORDER BY "schema_migrations"."version" ASC[0m
  ↳ bin/rails:9
  [1m[36mCat Load (0.7ms)[0m  [1m[34mSELECT "cats".* FROM "cats"[0m
  ↳ db/seeds.rb:9
  [1m[35m (0.2ms)[0m  [1m[35mBEGIN[0m
  ↳ db/seeds.rb:9
  [1m[36mCat Destroy (0.6ms)[0m  [1m[31mDELETE FROM "cats" WHERE "cats"."id" = $1[0m  [["id", 1]]
  ↳ db/seeds.rb:9
  [1m[35m (5.3ms)[0m  [1m[35mCOMMIT[0m
  ↳ db/seeds.rb:9
  [1m[35m (0.2ms)[0m  [1m[35mBEGIN[0m
  ↳ db/seeds.rb:11
  [1m[36mCat Create (0.6ms)[0m  [1m[32mINSERT INTO "cats" ("birth_date", "color", "name", "sex", "description", "created_at", "updated_at") VALUES ($1, $2, $3, $4, $5, $6, $7) RETURNING "id"[0m  [["birth_date", "2015-02-03"], ["color", "Cinnamon"], ["name", "Tinkerbell"], ["sex", "F"], ["description", "Never have a spoonful of me"], ["created_at", "2020-04-24 19:17:26.962195"], ["updated_at", "2020-04-24 19:17:26.962195"]]
  ↳ db/seeds.rb:11
  [1m[35m (0.5ms)[0m  [1m[35mCOMMIT[0m
  ↳ db/seeds.rb:11
  [1m[35m (0.3ms)[0m  [1m[35mBEGIN[0m
  ↳ db/seeds.rb:11
  [1m[35m (0.3ms)[0m  [1m[31mROLLBACK[0m
  ↳ db/seeds.rb:11
  [1m[35m (0.9ms)[0m  [1m[34mSELECT "schema_migrations"."version" FROM "schema_migrations" ORDER BY "schema_migrations"."version" ASC[0m
  ↳ bin/rails:9
  [1m[36mCat Load (0.7ms)[0m  [1m[34mSELECT "cats".* FROM "cats"[0m
  ↳ db/seeds.rb:9
  [1m[35m (0.2ms)[0m  [1m[35mBEGIN[0m
  ↳ db/seeds.rb:9
  [1m[36mCat Destroy (0.5ms)[0m  [1m[31mDELETE FROM "cats" WHERE "cats"."id" = $1[0m  [["id", 2]]
  ↳ db/seeds.rb:9
  [1m[35m (1.2ms)[0m  [1m[35mCOMMIT[0m
  ↳ db/seeds.rb:9
  [1m[35m (0.2ms)[0m  [1m[35mBEGIN[0m
  ↳ db/seeds.rb:11
  [1m[36mCat Create (0.6ms)[0m  [1m[32mINSERT INTO "cats" ("birth_date", "color", "name", "sex", "description", "created_at", "updated_at") VALUES ($1, $2, $3, $4, $5, $6, $7) RETURNING "id"[0m  [["birth_date", "2015-02-03"], ["color", "Cinnamon"], ["name", "Tinkerbell"], ["sex", "F"], ["description", "Never have a spoonful of me"], ["created_at", "2020-04-24 19:18:30.307905"], ["updated_at", "2020-04-24 19:18:30.307905"]]
  ↳ db/seeds.rb:11
  [1m[35m (0.4ms)[0m  [1m[35mCOMMIT[0m
  ↳ db/seeds.rb:11
  [1m[35m (0.1ms)[0m  [1m[35mBEGIN[0m
  ↳ db/seeds.rb:11
  [1m[36mCat Create (0.9ms)[0m  [1m[32mINSERT INTO "cats" ("birth_date", "color", "name", "sex", "description", "created_at", "updated_at") VALUES ($1, $2, $3, $4, $5, $6, $7) RETURNING "id"[0m  [["birth_date", "2012-08-22"], ["color", "Black"], ["name", "Sir Pounce"], ["sex", "M"], ["description", "Sneak Attack! >:)"], ["created_at", "2020-04-24 19:18:30.310851"], ["updated_at", "2020-04-24 19:18:30.310851"]]
  ↳ db/seeds.rb:11
  [1m[35m (1.4ms)[0m  [1m[35mCOMMIT[0m
  ↳ db/seeds.rb:11
  [1m[35m (1.0ms)[0m  [1m[35mBEGIN[0m
  ↳ db/seeds.rb:11
  [1m[36mCat Create (3.5ms)[0m  [1m[32mINSERT INTO "cats" ("birth_date", "color", "name", "sex", "description", "created_at", "updated_at") VALUES ($1, $2, $3, $4, $5, $6, $7) RETURNING "id"[0m  [["birth_date", "2017-12-11"], ["color", "Ginger"], ["name", "Oddball"], ["sex", "M"], ["description", "Meoow"], ["created_at", "2020-04-24 19:18:30.316963"], ["updated_at", "2020-04-24 19:18:30.316963"]]
  ↳ db/seeds.rb:11
  [1m[35m (0.4ms)[0m  [1m[35mCOMMIT[0m
  ↳ db/seeds.rb:11
Started GET "/cats" for 127.0.0.1 at 2020-04-24 15:18:58 -0400
Started GET "/cats" for 127.0.0.1 at 2020-04-24 15:18:58 -0400
  [1m[35m (2.6ms)[0m  [1m[34mSELECT "schema_migrations"."version" FROM "schema_migrations" ORDER BY "schema_migrations"."version" ASC[0m
  [1m[35m (2.1ms)[0m  [1m[34mSELECT "schema_migrations"."version" FROM "schema_migrations" ORDER BY "schema_migrations"."version" ASC[0m
  ↳ /Users/akifsaifi/.rbenv/versions/2.5.1/lib/ruby/gems/2.5.0/gems/activerecord-5.2.4.2/lib/active_record/log_subscriber.rb:98
  ↳ /Users/akifsaifi/.rbenv/versions/2.5.1/lib/ruby/gems/2.5.0/gems/activerecord-5.2.4.2/lib/active_record/log_subscriber.rb:98
Processing by CatsController#index as HTML
Processing by CatsController#index as HTML
  Rendering cats/index.html.erb within layouts/application
  Rendering cats/index.html.erb within layouts/application
  [1m[36mCat Load (1.0ms)[0m  [1m[34mSELECT "cats".* FROM "cats"[0m
  ↳ app/views/cats/index.html.erb:6
  [1m[36mCat Load (0.9ms)[0m  [1m[34mSELECT "cats".* FROM "cats"[0m
  ↳ app/views/cats/index.html.erb:6
  Rendered cats/index.html.erb within layouts/application (98.6ms)
  Rendered cats/index.html.erb within layouts/application (103.4ms)
Completed 200 OK in 839ms (Views: 742.7ms | ActiveRecord: 40.2ms)


Completed 200 OK in 828ms (Views: 726.4ms | ActiveRecord: 64.0ms)


Started GET "/cats" for ::1 at 2020-04-24 15:19:06 -0400
Processing by CatsController#index as HTML
  Rendering cats/index.html.erb within layouts/application
  [1m[36mCat Load (36.6ms)[0m  [1m[34mSELECT "cats".* FROM "cats"[0m
  ↳ app/views/cats/index.html.erb:6
  Rendered cats/index.html.erb within layouts/application (38.8ms)
Completed 200 OK in 168ms (Views: 130.7ms | ActiveRecord: 36.6ms)


Started GET "/cats" for ::1 at 2020-04-24 15:21:04 -0400
Processing by CatsController#index as HTML
  Rendering cats/index.html.erb within layouts/application
  [1m[36mCat Load (8.1ms)[0m  [1m[34mSELECT "cats".* FROM "cats"[0m
  ↳ app/views/cats/index.html.erb:6
  Rendered cats/index.html.erb within layouts/application (12.2ms)
Completed 200 OK in 77ms (Views: 66.1ms | ActiveRecord: 8.1ms)


Started GET "/cats/3" for ::1 at 2020-04-24 15:21:06 -0400
Processing by CatsController#show as HTML
  Parameters: {"id"=>"3"}
  [1m[36mCat Load (0.4ms)[0m  [1m[34mSELECT  "cats".* FROM "cats" WHERE "cats"."id" = $1 LIMIT $2[0m  [["id", 3], ["LIMIT", 1]]
  ↳ app/controllers/cats_controller.rb:9
  Rendering cats/show.html.erb within layouts/application
  Rendered cats/show.html.erb within layouts/application (52.3ms)
Completed 500 Internal Server Error in 143ms (ActiveRecord: 0.6ms)



NoMethodError - undefined method `time_ago_in_words' for #<Cat:0x00007f83f4b32098>:
  app/models/cat.rb:16:in `age'
  app/views/cats/show.html.erb:16:in `_app_views_cats_show_html_erb___1780068192627116719_70102361408540'
  app/controllers/cats_controller.rb:10:in `show'

Started POST "/__better_errors/65cb1f76957cfd21/variables" for ::1 at 2020-04-24 15:21:06 -0400
  [1m[36mCat Load (0.6ms)[0m  [1m[34mSELECT  "cats".* FROM "cats" ORDER BY "cats"."id" ASC LIMIT $1[0m  [["LIMIT", 1]]
Started GET "/cats" for ::1 at 2020-04-24 15:24:22 -0400
Processing by CatsController#index as HTML
  Rendering cats/index.html.erb within layouts/application
  [1m[36mCat Load (2.8ms)[0m  [1m[34mSELECT "cats".* FROM "cats"[0m
  ↳ app/views/cats/index.html.erb:6
  Rendered cats/index.html.erb within layouts/application (80.8ms)
Completed 200 OK in 182ms (Views: 151.8ms | ActiveRecord: 20.1ms)


Started GET "/cats/3" for ::1 at 2020-04-24 15:24:24 -0400
Processing by CatsController#show as HTML
  Parameters: {"id"=>"3"}
  [1m[36mCat Load (1.9ms)[0m  [1m[34mSELECT  "cats".* FROM "cats" WHERE "cats"."id" = $1 LIMIT $2[0m  [["id", 3], ["LIMIT", 1]]
  ↳ app/controllers/cats_controller.rb:9
  Rendering cats/show.html.erb within layouts/application
  Rendered cats/show.html.erb within layouts/application (8.3ms)
Completed 200 OK in 89ms (Views: 79.6ms | ActiveRecord: 1.9ms)


Started GET "/cats" for 127.0.0.1 at 2020-04-24 15:24:30 -0400
Processing by CatsController#index as HTML
  Rendering cats/index.html.erb within layouts/application
  [1m[36mCat Load (2.3ms)[0m  [1m[34mSELECT "cats".* FROM "cats"[0m
  ↳ app/views/cats/index.html.erb:6
  Rendered cats/index.html.erb within layouts/application (5.4ms)
Completed 200 OK in 85ms (Views: 82.3ms | ActiveRecord: 2.3ms)


Started GET "/cats/3" for 127.0.0.1 at 2020-04-24 15:24:32 -0400
Processing by CatsController#show as HTML
  Parameters: {"id"=>"3"}
  [1m[36mCat Load (9.6ms)[0m  [1m[34mSELECT  "cats".* FROM "cats" WHERE "cats"."id" = $1 LIMIT $2[0m  [["id", 3], ["LIMIT", 1]]
  ↳ app/controllers/cats_controller.rb:9
  Rendering cats/show.html.erb within layouts/application
  Rendered cats/show.html.erb within layouts/application (1.6ms)
Completed 200 OK in 83ms (Views: 67.7ms | ActiveRecord: 9.6ms)


Started GET "/cats/3" for ::1 at 2020-04-24 15:42:20 -0400
Processing by CatsController#show as HTML
  Parameters: {"id"=>"3"}
  [1m[36mCat Load (0.6ms)[0m  [1m[34mSELECT  "cats".* FROM "cats" WHERE "cats"."id" = $1 LIMIT $2[0m  [["id", 3], ["LIMIT", 1]]
  ↳ app/controllers/cats_controller.rb:9
  Rendering cats/show.html.erb within layouts/application
  Rendered cats/show.html.erb within layouts/application (1.6ms)
Completed 200 OK in 64ms (Views: 59.1ms | ActiveRecord: 1.7ms)


Started GET "/cats" for 127.0.0.1 at 2020-04-24 15:42:21 -0400
Processing by CatsController#index as HTML
  Rendering cats/index.html.erb within layouts/application
  [1m[36mCat Load (8.3ms)[0m  [1m[34mSELECT "cats".* FROM "cats"[0m
  ↳ app/views/cats/index.html.erb:6
  Rendered cats/index.html.erb within layouts/application (12.6ms)
Completed 200 OK in 109ms (Views: 99.5ms | ActiveRecord: 8.3ms)


Started GET "/cats/3/edit" for ::1 at 2020-04-24 15:42:30 -0400
Processing by CatsController#edit as HTML
  Parameters: {"id"=>"3"}
  [1m[36mCat Load (86.1ms)[0m  [1m[34mSELECT  "cats".* FROM "cats" WHERE "cats"."id" = $1 LIMIT $2[0m  [["id", 3], ["LIMIT", 1]]
  ↳ app/controllers/cats_controller.rb:27
  Rendering cats/edit.html.erb within layouts/application
  Rendered cats/_form.html.erb (1.3ms)
  Rendered cats/edit.html.erb within layouts/application (13.1ms)
Completed 200 OK in 176ms (Views: 86.9ms | ActiveRecord: 86.1ms)


Started GET "/cats/3/edit" for 127.0.0.1 at 2020-04-24 15:42:47 -0400
Processing by CatsController#edit as HTML
  Parameters: {"id"=>"3"}
  [1m[36mCat Load (0.4ms)[0m  [1m[34mSELECT  "cats".* FROM "cats" WHERE "cats"."id" = $1 LIMIT $2[0m  [["id", 3], ["LIMIT", 1]]
  ↳ app/controllers/cats_controller.rb:27
  Rendering cats/edit.html.erb within layouts/application
  Rendered cats/_form.html.erb (2.5ms)
  Rendered cats/edit.html.erb within layouts/application (9.3ms)
Completed 200 OK in 66ms (Views: 64.3ms | ActiveRecord: 0.4ms)


Started GET "/cats/new" for ::1 at 2020-04-24 15:42:52 -0400
Processing by CatsController#new as HTML
  Rendering cats/new.html.erb within layouts/application
  Rendered cats/_form.html.erb (19.1ms)
  Rendered cats/new.html.erb within layouts/application (38.1ms)
Completed 500 Internal Server Error in 79ms (ActiveRecord: 0.0ms)



NoMethodError - undefined method `name' for nil:NilClass:
  app/views/cats/_form.html.erb:11:in `_app_views_cats__form_html_erb___385911379559632655_70102317436160'
  app/views/cats/new.html.erb:2:in `_app_views_cats_new_html_erb__2117302585719077064_70102342809380'
  app/controllers/cats_controller.rb:14:in `new'

Started POST "/__better_errors/205e8358e10bf98b/variables" for ::1 at 2020-04-24 15:42:52 -0400
Started GET "/cats/new" for ::1 at 2020-04-24 15:47:54 -0400
Processing by CatsController#new as HTML
  Rendering cats/new.html.erb within layouts/application
  Rendered cats/_form.html.erb (1.1ms)
  Rendered cats/new.html.erb within layouts/application (9.1ms)
Completed 200 OK in 126ms (Views: 53.3ms | ActiveRecord: 44.7ms)


Started GET "/cats/3/new" for 127.0.0.1 at 2020-04-24 15:48:08 -0400
  
ActionController::RoutingError (No route matches [GET] "/cats/3/new"):
  
actionpack (5.2.4.2) lib/action_dispatch/middleware/debug_exceptions.rb:65:in `call'
web-console (3.7.0) lib/web_console/middleware.rb:135:in `call_app'
web-console (3.7.0) lib/web_console/middleware.rb:30:in `block in call'
web-console (3.7.0) lib/web_console/middleware.rb:20:in `catch'
web-console (3.7.0) lib/web_console/middleware.rb:20:in `call'
actionpack (5.2.4.2) lib/action_dispatch/middleware/show_exceptions.rb:33:in `call'
railties (5.2.4.2) lib/rails/rack/logger.rb:38:in `call_app'
railties (5.2.4.2) lib/rails/rack/logger.rb:26:in `block in call'
activesupport (5.2.4.2) lib/active_support/tagged_logging.rb:71:in `block in tagged'
activesupport (5.2.4.2) lib/active_support/tagged_logging.rb:28:in `tagged'
activesupport (5.2.4.2) lib/active_support/tagged_logging.rb:71:in `tagged'
railties (5.2.4.2) lib/rails/rack/logger.rb:26:in `call'
sprockets-rails (3.2.1) lib/sprockets/rails/quiet_assets.rb:13:in `call'
actionpack (5.2.4.2) lib/action_dispatch/middleware/remote_ip.rb:81:in `call'
actionpack (5.2.4.2) lib/action_dispatch/middleware/request_id.rb:27:in `call'
rack (2.2.2) lib/rack/method_override.rb:24:in `call'
rack (2.2.2) lib/rack/runtime.rb:22:in `call'
activesupport (5.2.4.2) lib/active_support/cache/strategy/local_cache_middleware.rb:29:in `call'
actionpack (5.2.4.2) lib/action_dispatch/middleware/executor.rb:14:in `call'
actionpack (5.2.4.2) lib/action_dispatch/middleware/static.rb:127:in `call'
rack (2.2.2) lib/rack/sendfile.rb:110:in `call'
railties (5.2.4.2) lib/rails/engine.rb:524:in `call'
puma (3.12.4) lib/puma/configuration.rb:227:in `call'
puma (3.12.4) lib/puma/server.rb:675:in `handle_request'
puma (3.12.4) lib/puma/server.rb:476:in `process_client'
puma (3.12.4) lib/puma/server.rb:334:in `block in run'
puma (3.12.4) lib/puma/thread_pool.rb:135:in `block in spawn_thread'
Started GET "/cats/new" for 127.0.0.1 at 2020-04-24 15:53:45 -0400
Processing by CatsController#new as HTML
  Rendering cats/new.html.erb within layouts/application
  Rendered cats/_form.html.erb (2.5ms)
  Rendered cats/new.html.erb within layouts/application (9.0ms)
Completed 200 OK in 73ms (Views: 71.9ms | ActiveRecord: 0.0ms)


  [1m[35m (0.3ms)[0m  [1m[34mSELECT pg_try_advisory_lock(723150122408807205)[0m
  ↳ bin/rails:9
  [1m[35m (1.5ms)[0m  [1m[34mSELECT "schema_migrations"."version" FROM "schema_migrations" ORDER BY "schema_migrations"."version" ASC[0m
  ↳ bin/rails:9
Migrating to CreateCatRentalRequests (20200424200454)
  [1m[35m (0.2ms)[0m  [1m[35mBEGIN[0m
  ↳ bin/rails:9
  [1m[35m (63.3ms)[0m  [1m[35mCREATE TABLE "cat_rental_requests" ("id" bigserial primary key, "cat_id" integer NOT NULL, "start_date" date NOT NULL, "end_date" date NOT NULL, "status" character varying DEFAULT 'PENDING' NOT NULL, "created_at" timestamp NOT NULL, "updated_at" timestamp NOT NULL)[0m
  ↳ db/migrate/20200424200454_create_cat_rental_requests.rb:3
  [1m[35m (2.7ms)[0m  [1m[35mCREATE  INDEX  "index_cat_rental_requests_on_cat_id" ON "cat_rental_requests"  ("cat_id")[0m
  ↳ db/migrate/20200424200454_create_cat_rental_requests.rb:3
  [1m[36mActiveRecord::SchemaMigration Create (0.5ms)[0m  [1m[32mINSERT INTO "schema_migrations" ("version") VALUES ($1) RETURNING "version"[0m  [["version", "20200424200454"]]
  ↳ bin/rails:9
  [1m[35m (1.7ms)[0m  [1m[35mCOMMIT[0m
  ↳ bin/rails:9
  [1m[36mActiveRecord::InternalMetadata Load (0.5ms)[0m  [1m[34mSELECT  "ar_internal_metadata".* FROM "ar_internal_metadata" WHERE "ar_internal_metadata"."key" = $1 LIMIT $2[0m  [["key", "environment"], ["LIMIT", 1]]
  ↳ bin/rails:9
  [1m[35m (2.4ms)[0m  [1m[35mBEGIN[0m
  ↳ bin/rails:9
  [1m[35m (0.9ms)[0m  [1m[35mCOMMIT[0m
  ↳ bin/rails:9
  [1m[35m (1.0ms)[0m  [1m[34mSELECT pg_advisory_unlock(723150122408807205)[0m
  ↳ bin/rails:9
  [1m[35m (0.4ms)[0m  [1m[34mSELECT "schema_migrations"."version" FROM "schema_migrations" ORDER BY "schema_migrations"."version" ASC[0m
  ↳ bin/rails:9
  [1m[35m (1.6ms)[0m  [1m[34mSELECT "schema_migrations"."version" FROM "schema_migrations" ORDER BY "schema_migrations"."version" ASC[0m
  ↳ bin/rails:9
  [1m[36mCat Load (0.7ms)[0m  [1m[34mSELECT "cats".* FROM "cats"[0m
  ↳ db/seeds.rb:9
  [1m[35m (0.1ms)[0m  [1m[35mBEGIN[0m
  ↳ db/seeds.rb:9
  [1m[36mCatRentalRequest Load (1.1ms)[0m  [1m[34mSELECT "cat_rental_requests".* FROM "cat_rental_requests" WHERE "cat_rental_requests"."cat_id" = $1[0m  [["cat_id", 3]]
  ↳ db/seeds.rb:9
  [1m[36mCat Destroy (0.8ms)[0m  [1m[31mDELETE FROM "cats" WHERE "cats"."id" = $1[0m  [["id", 3]]
  ↳ db/seeds.rb:9
  [1m[35m (12.9ms)[0m  [1m[35mCOMMIT[0m
  ↳ db/seeds.rb:9
  [1m[35m (0.2ms)[0m  [1m[35mBEGIN[0m
  ↳ db/seeds.rb:9
  [1m[36mCatRentalRequest Load (0.4ms)[0m  [1m[34mSELECT "cat_rental_requests".* FROM "cat_rental_requests" WHERE "cat_rental_requests"."cat_id" = $1[0m  [["cat_id", 4]]
  ↳ db/seeds.rb:9
  [1m[36mCat Destroy (0.4ms)[0m  [1m[31mDELETE FROM "cats" WHERE "cats"."id" = $1[0m  [["id", 4]]
  ↳ db/seeds.rb:9
  [1m[35m (0.4ms)[0m  [1m[35mCOMMIT[0m
  ↳ db/seeds.rb:9
  [1m[35m (0.1ms)[0m  [1m[35mBEGIN[0m
  ↳ db/seeds.rb:9
  [1m[36mCatRentalRequest Load (0.3ms)[0m  [1m[34mSELECT "cat_rental_requests".* FROM "cat_rental_requests" WHERE "cat_rental_requests"."cat_id" = $1[0m  [["cat_id", 5]]
  ↳ db/seeds.rb:9
  [1m[36mCat Destroy (0.4ms)[0m  [1m[31mDELETE FROM "cats" WHERE "cats"."id" = $1[0m  [["id", 5]]
  ↳ db/seeds.rb:9
  [1m[35m (0.4ms)[0m  [1m[35mCOMMIT[0m
  ↳ db/seeds.rb:9
  [1m[36mCatRentalRequest Load (0.3ms)[0m  [1m[34mSELECT "cat_rental_requests".* FROM "cat_rental_requests"[0m
  ↳ db/seeds.rb:10
  [1m[35m (0.1ms)[0m  [1m[35mBEGIN[0m
  ↳ db/seeds.rb:12
  [1m[36mCat Create (1.3ms)[0m  [1m[32mINSERT INTO "cats" ("birth_date", "color", "name", "sex", "description", "created_at", "updated_at") VALUES ($1, $2, $3, $4, $5, $6, $7) RETURNING "id"[0m  [["birth_date", "2015-02-03"], ["color", "Cinnamon"], ["name", "Tinkerbell"], ["sex", "F"], ["description", "Never have a spoonful of me"], ["created_at", "2020-04-24 20:37:00.631323"], ["updated_at", "2020-04-24 20:37:00.631323"]]
  ↳ db/seeds.rb:12
  [1m[35m (0.5ms)[0m  [1m[35mCOMMIT[0m
  ↳ db/seeds.rb:12
  [1m[35m (0.1ms)[0m  [1m[35mBEGIN[0m
  ↳ db/seeds.rb:12
  [1m[36mCat Create (0.4ms)[0m  [1m[32mINSERT INTO "cats" ("birth_date", "color", "name", "sex", "description", "created_at", "updated_at") VALUES ($1, $2, $3, $4, $5, $6, $7) RETURNING "id"[0m  [["birth_date", "2012-08-22"], ["color", "Black"], ["name", "Sir Pounce"], ["sex", "M"], ["description", "Sneak Attack! >:)"], ["created_at", "2020-04-24 20:37:00.636163"], ["updated_at", "2020-04-24 20:37:00.636163"]]
  ↳ db/seeds.rb:12
  [1m[35m (0.4ms)[0m  [1m[35mCOMMIT[0m
  ↳ db/seeds.rb:12
  [1m[35m (0.1ms)[0m  [1m[35mBEGIN[0m
  ↳ db/seeds.rb:12
  [1m[36mCat Create (0.9ms)[0m  [1m[32mINSERT INTO "cats" ("birth_date", "color", "name", "sex", "description", "created_at", "updated_at") VALUES ($1, $2, $3, $4, $5, $6, $7) RETURNING "id"[0m  [["birth_date", "2017-12-11"], ["color", "Ginger"], ["name", "Oddball"], ["sex", "M"], ["description", "Meoow"], ["created_at", "2020-04-24 20:37:00.639745"], ["updated_at", "2020-04-24 20:37:00.639745"]]
  ↳ db/seeds.rb:12
  [1m[35m (0.4ms)[0m  [1m[35mCOMMIT[0m
  ↳ db/seeds.rb:12
  [1m[35m (0.2ms)[0m  [1m[35mBEGIN[0m
  ↳ db/seeds.rb:33
  [1m[36mCatRentalRequest Exists (1.5ms)[0m  [1m[34mSELECT  1 AS one FROM "cat_rental_requests" WHERE ("cat_rental_requests"."cat_id" = $1 AND "cat_rental_requests"."start_date" BETWEEN $2 AND $3 OR "cat_rental_requests"."end_date" BETWEEN $4 AND $5) AND "cat_rental_requests"."status" = $6 LIMIT $7[0m  [["cat_id", 6], ["start_date", "2020-04-25"], ["start_date", "2020-04-30"], ["end_date", "2020-04-25"], ["end_date", "2020-04-30"], ["status", "APPROVED"], ["LIMIT", 1]]
  ↳ app/models/cat_rental_request.rb:22
  [1m[36mCat Load (0.3ms)[0m  [1m[34mSELECT  "cats".* FROM "cats" WHERE "cats"."id" = $1 LIMIT $2[0m  [["id", 6], ["LIMIT", 1]]
  ↳ db/seeds.rb:33
  [1m[36mCatRentalRequest Create (4.6ms)[0m  [1m[32mINSERT INTO "cat_rental_requests" ("cat_id", "start_date", "end_date", "status", "created_at", "updated_at") VALUES ($1, $2, $3, $4, $5, $6) RETURNING "id"[0m  [["cat_id", 6], ["start_date", "2020-04-25"], ["end_date", "2020-04-30"], ["status", "APPROVED"], ["created_at", "2020-04-24 20:37:00.668967"], ["updated_at", "2020-04-24 20:37:00.668967"]]
  ↳ db/seeds.rb:33
  [1m[35m (6.0ms)[0m  [1m[35mCOMMIT[0m
  ↳ db/seeds.rb:33
  [1m[35m (0.2ms)[0m  [1m[35mBEGIN[0m
  ↳ db/seeds.rb:33
  [1m[36mCatRentalRequest Exists (0.6ms)[0m  [1m[34mSELECT  1 AS one FROM "cat_rental_requests" WHERE ("cat_rental_requests"."cat_id" = $1 AND "cat_rental_requests"."start_date" BETWEEN $2 AND $3 OR "cat_rental_requests"."end_date" BETWEEN $4 AND $5) AND "cat_rental_requests"."status" = $6 LIMIT $7[0m  [["cat_id", 7], ["start_date", "2020-04-25"], ["start_date", "2020-04-30"], ["end_date", "2020-04-25"], ["end_date", "2020-04-30"], ["status", "APPROVED"], ["LIMIT", 1]]
  ↳ app/models/cat_rental_request.rb:22
  [1m[35m (0.2ms)[0m  [1m[31mROLLBACK[0m
  ↳ db/seeds.rb:33
  [1m[35m (0.9ms)[0m  [1m[34mSELECT "schema_migrations"."version" FROM "schema_migrations" ORDER BY "schema_migrations"."version" ASC[0m
  ↳ bin/rails:9
  [1m[36mCat Load (0.8ms)[0m  [1m[34mSELECT "cats".* FROM "cats"[0m
  ↳ db/seeds.rb:9
  [1m[35m (0.3ms)[0m  [1m[35mBEGIN[0m
  ↳ db/seeds.rb:9
  [1m[36mCatRentalRequest Load (0.8ms)[0m  [1m[34mSELECT "cat_rental_requests".* FROM "cat_rental_requests" WHERE "cat_rental_requests"."cat_id" = $1[0m  [["cat_id", 6]]
  ↳ db/seeds.rb:9
  [1m[36mCatRentalRequest Destroy (0.7ms)[0m  [1m[31mDELETE FROM "cat_rental_requests" WHERE "cat_rental_requests"."id" = $1[0m  [["id", 1]]
  ↳ db/seeds.rb:9
  [1m[36mCat Destroy (0.3ms)[0m  [1m[31mDELETE FROM "cats" WHERE "cats"."id" = $1[0m  [["id", 6]]
  ↳ db/seeds.rb:9
  [1m[35m (1.2ms)[0m  [1m[35mCOMMIT[0m
  ↳ db/seeds.rb:9
  [1m[35m (0.1ms)[0m  [1m[35mBEGIN[0m
  ↳ db/seeds.rb:9
  [1m[36mCatRentalRequest Load (0.4ms)[0m  [1m[34mSELECT "cat_rental_requests".* FROM "cat_rental_requests" WHERE "cat_rental_requests"."cat_id" = $1[0m  [["cat_id", 7]]
  ↳ db/seeds.rb:9
  [1m[36mCat Destroy (0.5ms)[0m  [1m[31mDELETE FROM "cats" WHERE "cats"."id" = $1[0m  [["id", 7]]
  ↳ db/seeds.rb:9
  [1m[35m (0.4ms)[0m  [1m[35mCOMMIT[0m
  ↳ db/seeds.rb:9
  [1m[35m (0.1ms)[0m  [1m[35mBEGIN[0m
  ↳ db/seeds.rb:9
  [1m[36mCatRentalRequest Load (0.3ms)[0m  [1m[34mSELECT "cat_rental_requests".* FROM "cat_rental_requests" WHERE "cat_rental_requests"."cat_id" = $1[0m  [["cat_id", 8]]
  ↳ db/seeds.rb:9
  [1m[36mCat Destroy (0.3ms)[0m  [1m[31mDELETE FROM "cats" WHERE "cats"."id" = $1[0m  [["id", 8]]
  ↳ db/seeds.rb:9
  [1m[35m (0.3ms)[0m  [1m[35mCOMMIT[0m
  ↳ db/seeds.rb:9
  [1m[36mCatRentalRequest Load (0.3ms)[0m  [1m[34mSELECT "cat_rental_requests".* FROM "cat_rental_requests"[0m
  ↳ db/seeds.rb:10
  [1m[35m (0.5ms)[0m  [1m[35mBEGIN[0m
  ↳ db/seeds.rb:12
  [1m[36mCat Create (0.8ms)[0m  [1m[32mINSERT INTO "cats" ("birth_date", "color", "name", "sex", "description", "created_at", "updated_at") VALUES ($1, $2, $3, $4, $5, $6, $7) RETURNING "id"[0m  [["birth_date", "2015-02-03"], ["color", "Cinnamon"], ["name", "Tinkerbell"], ["sex", "F"], ["description", "Never have a spoonful of me"], ["created_at", "2020-04-24 20:37:27.423950"], ["updated_at", "2020-04-24 20:37:27.423950"]]
  ↳ db/seeds.rb:12
  [1m[35m (0.4ms)[0m  [1m[35mCOMMIT[0m
  ↳ db/seeds.rb:12
  [1m[35m (0.1ms)[0m  [1m[35mBEGIN[0m
  ↳ db/seeds.rb:12
  [1m[36mCat Create (1.0ms)[0m  [1m[32mINSERT INTO "cats" ("birth_date", "color", "name", "sex", "description", "created_at", "updated_at") VALUES ($1, $2, $3, $4, $5, $6, $7) RETURNING "id"[0m  [["birth_date", "2012-08-22"], ["color", "Black"], ["name", "Sir Pounce"], ["sex", "M"], ["description", "Sneak Attack! >:)"], ["created_at", "2020-04-24 20:37:27.428013"], ["updated_at", "2020-04-24 20:37:27.428013"]]
  ↳ db/seeds.rb:12
  [1m[35m (0.4ms)[0m  [1m[35mCOMMIT[0m
  ↳ db/seeds.rb:12
  [1m[35m (0.1ms)[0m  [1m[35mBEGIN[0m
  ↳ db/seeds.rb:12
  [1m[36mCat Create (0.4ms)[0m  [1m[32mINSERT INTO "cats" ("birth_date", "color", "name", "sex", "description", "created_at", "updated_at") VALUES ($1, $2, $3, $4, $5, $6, $7) RETURNING "id"[0m  [["birth_date", "2017-12-11"], ["color", "Ginger"], ["name", "Oddball"], ["sex", "M"], ["description", "Meoow"], ["created_at", "2020-04-24 20:37:27.432664"], ["updated_at", "2020-04-24 20:37:27.432664"]]
  ↳ db/seeds.rb:12
  [1m[35m (0.4ms)[0m  [1m[35mCOMMIT[0m
  ↳ db/seeds.rb:12
  [1m[35m (0.4ms)[0m  [1m[35mBEGIN[0m
  ↳ db/seeds.rb:33
  [1m[36mCatRentalRequest Exists (0.8ms)[0m  [1m[34mSELECT  1 AS one FROM "cat_rental_requests" WHERE ("cat_rental_requests"."cat_id" = $1 AND "cat_rental_requests"."start_date" BETWEEN $2 AND $3 OR "cat_rental_requests"."end_date" BETWEEN $4 AND $5) AND "cat_rental_requests"."status" = $6 LIMIT $7[0m  [["cat_id", 9], ["start_date", "2020-04-25"], ["start_date", "2020-04-30"], ["end_date", "2020-04-25"], ["end_date", "2020-04-30"], ["status", "APPROVED"], ["LIMIT", 1]]
  ↳ app/models/cat_rental_request.rb:22
  [1m[36mCat Load (0.3ms)[0m  [1m[34mSELECT  "cats".* FROM "cats" WHERE "cats"."id" = $1 LIMIT $2[0m  [["id", 9], ["LIMIT", 1]]
  ↳ db/seeds.rb:33
  [1m[36mCatRentalRequest Create (0.7ms)[0m  [1m[32mINSERT INTO "cat_rental_requests" ("cat_id", "start_date", "end_date", "status", "created_at", "updated_at") VALUES ($1, $2, $3, $4, $5, $6) RETURNING "id"[0m  [["cat_id", 9], ["start_date", "2020-04-25"], ["end_date", "2020-04-30"], ["status", "APPROVED"], ["created_at", "2020-04-24 20:37:27.447481"], ["updated_at", "2020-04-24 20:37:27.447481"]]
  ↳ db/seeds.rb:33
  [1m[35m (0.4ms)[0m  [1m[35mCOMMIT[0m
  ↳ db/seeds.rb:33
  [1m[35m (0.1ms)[0m  [1m[35mBEGIN[0m
  ↳ db/seeds.rb:33
  [1m[36mCatRentalRequest Exists (0.6ms)[0m  [1m[34mSELECT  1 AS one FROM "cat_rental_requests" WHERE ("cat_rental_requests"."cat_id" = $1 AND "cat_rental_requests"."start_date" BETWEEN $2 AND $3 OR "cat_rental_requests"."end_date" BETWEEN $4 AND $5) AND "cat_rental_requests"."status" = $6 LIMIT $7[0m  [["cat_id", 10], ["start_date", "2020-04-25"], ["start_date", "2020-04-30"], ["end_date", "2020-04-25"], ["end_date", "2020-04-30"], ["status", "APPROVED"], ["LIMIT", 1]]
  ↳ app/models/cat_rental_request.rb:22
  [1m[36mCat Load (0.3ms)[0m  [1m[34mSELECT  "cats".* FROM "cats" WHERE "cats"."id" = $1 LIMIT $2[0m  [["id", 10], ["LIMIT", 1]]
  ↳ db/seeds.rb:33
  [1m[35m (0.3ms)[0m  [1m[31mROLLBACK[0m
  ↳ db/seeds.rb:33
  [1m[35m (1.1ms)[0m  [1m[34mSELECT "schema_migrations"."version" FROM "schema_migrations" ORDER BY "schema_migrations"."version" ASC[0m
  ↳ bin/rails:9
  [1m[36mCat Load (0.7ms)[0m  [1m[34mSELECT "cats".* FROM "cats"[0m
  ↳ db/seeds.rb:9
  [1m[35m (0.2ms)[0m  [1m[35mBEGIN[0m
  ↳ db/seeds.rb:9
  [1m[36mCatRentalRequest Load (0.8ms)[0m  [1m[34mSELECT "cat_rental_requests".* FROM "cat_rental_requests" WHERE "cat_rental_requests"."cat_id" = $1[0m  [["cat_id", 9]]
  ↳ db/seeds.rb:9
  [1m[36mCatRentalRequest Destroy (0.9ms)[0m  [1m[31mDELETE FROM "cat_rental_requests" WHERE "cat_rental_requests"."id" = $1[0m  [["id", 2]]
  ↳ db/seeds.rb:9
  [1m[36mCat Destroy (0.4ms)[0m  [1m[31mDELETE FROM "cats" WHERE "cats"."id" = $1[0m  [["id", 9]]
  ↳ db/seeds.rb:9
  [1m[35m (1.1ms)[0m  [1m[35mCOMMIT[0m
  ↳ db/seeds.rb:9
  [1m[35m (0.1ms)[0m  [1m[35mBEGIN[0m
  ↳ db/seeds.rb:9
  [1m[36mCatRentalRequest Load (0.3ms)[0m  [1m[34mSELECT "cat_rental_requests".* FROM "cat_rental_requests" WHERE "cat_rental_requests"."cat_id" = $1[0m  [["cat_id", 10]]
  ↳ db/seeds.rb:9
  [1m[36mCat Destroy (0.3ms)[0m  [1m[31mDELETE FROM "cats" WHERE "cats"."id" = $1[0m  [["id", 10]]
  ↳ db/seeds.rb:9
  [1m[35m (0.4ms)[0m  [1m[35mCOMMIT[0m
  ↳ db/seeds.rb:9
  [1m[35m (0.1ms)[0m  [1m[35mBEGIN[0m
  ↳ db/seeds.rb:9
  [1m[36mCatRentalRequest Load (0.5ms)[0m  [1m[34mSELECT "cat_rental_requests".* FROM "cat_rental_requests" WHERE "cat_rental_requests"."cat_id" = $1[0m  [["cat_id", 11]]
  ↳ db/seeds.rb:9
  [1m[36mCat Destroy (0.3ms)[0m  [1m[31mDELETE FROM "cats" WHERE "cats"."id" = $1[0m  [["id", 11]]
  ↳ db/seeds.rb:9
  [1m[35m (0.4ms)[0m  [1m[35mCOMMIT[0m
  ↳ db/seeds.rb:9
  [1m[36mCatRentalRequest Load (0.3ms)[0m  [1m[34mSELECT "cat_rental_requests".* FROM "cat_rental_requests"[0m
  ↳ db/seeds.rb:10
  [1m[35m (0.1ms)[0m  [1m[35mBEGIN[0m
  ↳ db/seeds.rb:12
  [1m[36mCat Create (0.5ms)[0m  [1m[32mINSERT INTO "cats" ("birth_date", "color", "name", "sex", "description", "created_at", "updated_at") VALUES ($1, $2, $3, $4, $5, $6, $7) RETURNING "id"[0m  [["birth_date", "2015-02-03"], ["color", "Cinnamon"], ["name", "Tinkerbell"], ["sex", "F"], ["description", "Never have a spoonful of me"], ["created_at", "2020-04-24 20:38:24.451933"], ["updated_at", "2020-04-24 20:38:24.451933"]]
  ↳ db/seeds.rb:12
  [1m[35m (0.3ms)[0m  [1m[35mCOMMIT[0m
  ↳ db/seeds.rb:12
  [1m[35m (0.1ms)[0m  [1m[35mBEGIN[0m
  ↳ db/seeds.rb:12
  [1m[36mCat Create (0.8ms)[0m  [1m[32mINSERT INTO "cats" ("birth_date", "color", "name", "sex", "description", "created_at", "updated_at") VALUES ($1, $2, $3, $4, $5, $6, $7) RETURNING "id"[0m  [["birth_date", "2012-08-22"], ["color", "Black"], ["name", "Sir Pounce"], ["sex", "M"], ["description", "Sneak Attack! >:)"], ["created_at", "2020-04-24 20:38:24.455295"], ["updated_at", "2020-04-24 20:38:24.455295"]]
  ↳ db/seeds.rb:12
  [1m[35m (0.8ms)[0m  [1m[35mCOMMIT[0m
  ↳ db/seeds.rb:12
  [1m[35m (0.1ms)[0m  [1m[35mBEGIN[0m
  ↳ db/seeds.rb:12
  [1m[36mCat Create (0.4ms)[0m  [1m[32mINSERT INTO "cats" ("birth_date", "color", "name", "sex", "description", "created_at", "updated_at") VALUES ($1, $2, $3, $4, $5, $6, $7) RETURNING "id"[0m  [["birth_date", "2017-12-11"], ["color", "Ginger"], ["name", "Oddball"], ["sex", "M"], ["description", "Meoow"], ["created_at", "2020-04-24 20:38:24.459889"], ["updated_at", "2020-04-24 20:38:24.459889"]]
  ↳ db/seeds.rb:12
  [1m[35m (0.5ms)[0m  [1m[35mCOMMIT[0m
  ↳ db/seeds.rb:12
  [1m[35m (0.1ms)[0m  [1m[35mBEGIN[0m
  ↳ db/seeds.rb:33
  [1m[36mCatRentalRequest Exists (0.7ms)[0m  [1m[34mSELECT  1 AS one FROM "cat_rental_requests" WHERE ("cat_rental_requests"."cat_id" = $1 AND "cat_rental_requests"."start_date" BETWEEN $2 AND $3 OR "cat_rental_requests"."end_date" BETWEEN $4 AND $5) AND "cat_rental_requests"."status" = $6 LIMIT $7[0m  [["cat_id", 12], ["start_date", "2020-04-25"], ["start_date", "2020-04-30"], ["end_date", "2020-04-25"], ["end_date", "2020-04-30"], ["status", "APPROVED"], ["LIMIT", 1]]
  ↳ app/models/cat_rental_request.rb:22
  [1m[36mCat Load (0.3ms)[0m  [1m[34mSELECT  "cats".* FROM "cats" WHERE "cats"."id" = $1 LIMIT $2[0m  [["id", 12], ["LIMIT", 1]]
  ↳ db/seeds.rb:33
  [1m[36mCatRentalRequest Create (1.8ms)[0m  [1m[32mINSERT INTO "cat_rental_requests" ("cat_id", "start_date", "end_date", "status", "created_at", "updated_at") VALUES ($1, $2, $3, $4, $5, $6) RETURNING "id"[0m  [["cat_id", 12], ["start_date", "2020-04-25"], ["end_date", "2020-04-30"], ["status", "APPROVED"], ["created_at", "2020-04-24 20:38:24.474498"], ["updated_at", "2020-04-24 20:38:24.474498"]]
  ↳ db/seeds.rb:33
  [1m[35m (0.5ms)[0m  [1m[35mCOMMIT[0m
  ↳ db/seeds.rb:33
  [1m[35m (0.1ms)[0m  [1m[35mBEGIN[0m
  ↳ db/seeds.rb:33
  [1m[36mCatRentalRequest Exists (1.1ms)[0m  [1m[34mSELECT  1 AS one FROM "cat_rental_requests" WHERE ("cat_rental_requests"."cat_id" = $1 AND "cat_rental_requests"."start_date" BETWEEN $2 AND $3 OR "cat_rental_requests"."end_date" BETWEEN $4 AND $5) AND "cat_rental_requests"."status" = $6 LIMIT $7[0m  [["cat_id", 13], ["start_date", "2020-04-25"], ["start_date", "2020-04-30"], ["end_date", "2020-04-25"], ["end_date", "2020-04-30"], ["status", "APPROVED"], ["LIMIT", 1]]
  ↳ app/models/cat_rental_request.rb:22
  [1m[36mCat Load (1.5ms)[0m  [1m[34mSELECT  "cats".* FROM "cats" WHERE "cats"."id" = $1 LIMIT $2[0m  [["id", 13], ["LIMIT", 1]]
  ↳ db/seeds.rb:33
  [1m[35m (2.8ms)[0m  [1m[31mROLLBACK[0m
  ↳ db/seeds.rb:33
  [1m[35m (0.9ms)[0m  [1m[34mSELECT "schema_migrations"."version" FROM "schema_migrations" ORDER BY "schema_migrations"."version" ASC[0m
  ↳ bin/rails:9
  [1m[36mCat Load (1.5ms)[0m  [1m[34mSELECT "cats".* FROM "cats"[0m
  ↳ db/seeds.rb:9
  [1m[35m (0.2ms)[0m  [1m[35mBEGIN[0m
  ↳ db/seeds.rb:9
  [1m[36mCatRentalRequest Load (0.7ms)[0m  [1m[34mSELECT "cat_rental_requests".* FROM "cat_rental_requests" WHERE "cat_rental_requests"."cat_id" = $1[0m  [["cat_id", 12]]
  ↳ db/seeds.rb:9
  [1m[36mCatRentalRequest Destroy (0.6ms)[0m  [1m[31mDELETE FROM "cat_rental_requests" WHERE "cat_rental_requests"."id" = $1[0m  [["id", 3]]
  ↳ db/seeds.rb:9
  [1m[36mCat Destroy (0.4ms)[0m  [1m[31mDELETE FROM "cats" WHERE "cats"."id" = $1[0m  [["id", 12]]
  ↳ db/seeds.rb:9
  [1m[35m (1.1ms)[0m  [1m[35mCOMMIT[0m
  ↳ db/seeds.rb:9
  [1m[35m (0.1ms)[0m  [1m[35mBEGIN[0m
  ↳ db/seeds.rb:9
  [1m[36mCatRentalRequest Load (0.3ms)[0m  [1m[34mSELECT "cat_rental_requests".* FROM "cat_rental_requests" WHERE "cat_rental_requests"."cat_id" = $1[0m  [["cat_id", 13]]
  ↳ db/seeds.rb:9
  [1m[36mCat Destroy (0.4ms)[0m  [1m[31mDELETE FROM "cats" WHERE "cats"."id" = $1[0m  [["id", 13]]
  ↳ db/seeds.rb:9
  [1m[35m (0.4ms)[0m  [1m[35mCOMMIT[0m
  ↳ db/seeds.rb:9
  [1m[35m (0.1ms)[0m  [1m[35mBEGIN[0m
  ↳ db/seeds.rb:9
  [1m[36mCatRentalRequest Load (0.3ms)[0m  [1m[34mSELECT "cat_rental_requests".* FROM "cat_rental_requests" WHERE "cat_rental_requests"."cat_id" = $1[0m  [["cat_id", 14]]
  ↳ db/seeds.rb:9
  [1m[36mCat Destroy (0.7ms)[0m  [1m[31mDELETE FROM "cats" WHERE "cats"."id" = $1[0m  [["id", 14]]
  ↳ db/seeds.rb:9
  [1m[35m (0.5ms)[0m  [1m[35mCOMMIT[0m
  ↳ db/seeds.rb:9
  [1m[36mCatRentalRequest Load (0.3ms)[0m  [1m[34mSELECT "cat_rental_requests".* FROM "cat_rental_requests"[0m
  ↳ db/seeds.rb:10
  [1m[35m (0.1ms)[0m  [1m[35mBEGIN[0m
  ↳ db/seeds.rb:12
  [1m[36mCat Create (0.6ms)[0m  [1m[32mINSERT INTO "cats" ("birth_date", "color", "name", "sex", "description", "created_at", "updated_at") VALUES ($1, $2, $3, $4, $5, $6, $7) RETURNING "id"[0m  [["birth_date", "2015-02-03"], ["color", "Cinnamon"], ["name", "Tinkerbell"], ["sex", "F"], ["description", "Never have a spoonful of me"], ["created_at", "2020-04-24 20:39:18.965289"], ["updated_at", "2020-04-24 20:39:18.965289"]]
  ↳ db/seeds.rb:12
  [1m[35m (0.4ms)[0m  [1m[35mCOMMIT[0m
  ↳ db/seeds.rb:12
  [1m[35m (0.1ms)[0m  [1m[35mBEGIN[0m
  ↳ db/seeds.rb:12
  [1m[36mCat Create (0.5ms)[0m  [1m[32mINSERT INTO "cats" ("birth_date", "color", "name", "sex", "description", "created_at", "updated_at") VALUES ($1, $2, $3, $4, $5, $6, $7) RETURNING "id"[0m  [["birth_date", "2012-08-22"], ["color", "Black"], ["name", "Sir Pounce"], ["sex", "M"], ["description", "Sneak Attack! >:)"], ["created_at", "2020-04-24 20:39:18.968828"], ["updated_at", "2020-04-24 20:39:18.968828"]]
  ↳ db/seeds.rb:12
  [1m[35m (0.4ms)[0m  [1m[35mCOMMIT[0m
  ↳ db/seeds.rb:12
  [1m[35m (0.3ms)[0m  [1m[35mBEGIN[0m
  ↳ db/seeds.rb:12
  [1m[36mCat Create (0.4ms)[0m  [1m[32mINSERT INTO "cats" ("birth_date", "color", "name", "sex", "description", "created_at", "updated_at") VALUES ($1, $2, $3, $4, $5, $6, $7) RETURNING "id"[0m  [["birth_date", "2017-12-11"], ["color", "Ginger"], ["name", "Oddball"], ["sex", "M"], ["description", "Meoow"], ["created_at", "2020-04-24 20:39:18.973052"], ["updated_at", "2020-04-24 20:39:18.973052"]]
  ↳ db/seeds.rb:12
  [1m[35m (0.4ms)[0m  [1m[35mCOMMIT[0m
  ↳ db/seeds.rb:12
  [1m[35m (0.2ms)[0m  [1m[35mBEGIN[0m
  ↳ db/seeds.rb:33
  [1m[36mCatRentalRequest Exists (1.1ms)[0m  [1m[34mSELECT  1 AS one FROM "cat_rental_requests" WHERE ("cat_rental_requests"."cat_id" = $1 AND "cat_rental_requests"."start_date" BETWEEN $2 AND $3 OR "cat_rental_requests"."end_date" BETWEEN $4 AND $5) AND "cat_rental_requests"."status" = $6 LIMIT $7[0m  [["cat_id", 15], ["start_date", "2020-04-25"], ["start_date", "2020-04-30"], ["end_date", "2020-04-25"], ["end_date", "2020-04-30"], ["status", "APPROVED"], ["LIMIT", 1]]
  ↳ app/models/cat_rental_request.rb:22
  [1m[36mCat Load (0.3ms)[0m  [1m[34mSELECT  "cats".* FROM "cats" WHERE "cats"."id" = $1 LIMIT $2[0m  [["id", 15], ["LIMIT", 1]]
  ↳ db/seeds.rb:33
  [1m[36mCatRentalRequest Create (0.4ms)[0m  [1m[32mINSERT INTO "cat_rental_requests" ("cat_id", "start_date", "end_date", "status", "created_at", "updated_at") VALUES ($1, $2, $3, $4, $5, $6) RETURNING "id"[0m  [["cat_id", 15], ["start_date", "2020-04-25"], ["end_date", "2020-04-30"], ["status", "APPROVED"], ["created_at", "2020-04-24 20:39:18.988152"], ["updated_at", "2020-04-24 20:39:18.988152"]]
  ↳ db/seeds.rb:33
  [1m[35m (0.4ms)[0m  [1m[35mCOMMIT[0m
  ↳ db/seeds.rb:33
  [1m[35m (0.1ms)[0m  [1m[35mBEGIN[0m
  ↳ db/seeds.rb:33
  [1m[36mCatRentalRequest Exists (0.5ms)[0m  [1m[34mSELECT  1 AS one FROM "cat_rental_requests" WHERE ("cat_rental_requests"."cat_id" = $1 AND "cat_rental_requests"."start_date" BETWEEN $2 AND $3 OR "cat_rental_requests"."end_date" BETWEEN $4 AND $5) AND "cat_rental_requests"."status" = $6 LIMIT $7[0m  [["cat_id", 16], ["start_date", "2020-04-25"], ["start_date", "2020-04-30"], ["end_date", "2020-04-25"], ["end_date", "2020-04-30"], ["status", "APPROVED"], ["LIMIT", 1]]
  ↳ app/models/cat_rental_request.rb:22
  [1m[36mCat Load (0.3ms)[0m  [1m[34mSELECT  "cats".* FROM "cats" WHERE "cats"."id" = $1 LIMIT $2[0m  [["id", 16], ["LIMIT", 1]]
  ↳ db/seeds.rb:33
  [1m[35m (0.2ms)[0m  [1m[31mROLLBACK[0m
  ↳ db/seeds.rb:33
  [1m[35m (1.0ms)[0m  [1m[34mSELECT "schema_migrations"."version" FROM "schema_migrations" ORDER BY "schema_migrations"."version" ASC[0m
  ↳ bin/rails:9
  [1m[36mCat Load (0.6ms)[0m  [1m[34mSELECT "cats".* FROM "cats"[0m
  ↳ db/seeds.rb:9
  [1m[35m (0.2ms)[0m  [1m[35mBEGIN[0m
  ↳ db/seeds.rb:9
  [1m[36mCatRentalRequest Load (0.6ms)[0m  [1m[34mSELECT "cat_rental_requests".* FROM "cat_rental_requests" WHERE "cat_rental_requests"."cat_id" = $1[0m  [["cat_id", 15]]
  ↳ db/seeds.rb:9
  [1m[36mCatRentalRequest Destroy (0.6ms)[0m  [1m[31mDELETE FROM "cat_rental_requests" WHERE "cat_rental_requests"."id" = $1[0m  [["id", 4]]
  ↳ db/seeds.rb:9
  [1m[36mCat Destroy (0.3ms)[0m  [1m[31mDELETE FROM "cats" WHERE "cats"."id" = $1[0m  [["id", 15]]
  ↳ db/seeds.rb:9
  [1m[35m (1.0ms)[0m  [1m[35mCOMMIT[0m
  ↳ db/seeds.rb:9
  [1m[35m (0.2ms)[0m  [1m[35mBEGIN[0m
  ↳ db/seeds.rb:9
  [1m[36mCatRentalRequest Load (0.3ms)[0m  [1m[34mSELECT "cat_rental_requests".* FROM "cat_rental_requests" WHERE "cat_rental_requests"."cat_id" = $1[0m  [["cat_id", 16]]
  ↳ db/seeds.rb:9
  [1m[36mCat Destroy (0.3ms)[0m  [1m[31mDELETE FROM "cats" WHERE "cats"."id" = $1[0m  [["id", 16]]
  ↳ db/seeds.rb:9
  [1m[35m (0.3ms)[0m  [1m[35mCOMMIT[0m
  ↳ db/seeds.rb:9
  [1m[35m (0.1ms)[0m  [1m[35mBEGIN[0m
  ↳ db/seeds.rb:9
  [1m[36mCatRentalRequest Load (0.3ms)[0m  [1m[34mSELECT "cat_rental_requests".* FROM "cat_rental_requests" WHERE "cat_rental_requests"."cat_id" = $1[0m  [["cat_id", 17]]
  ↳ db/seeds.rb:9
  [1m[36mCat Destroy (0.3ms)[0m  [1m[31mDELETE FROM "cats" WHERE "cats"."id" = $1[0m  [["id", 17]]
  ↳ db/seeds.rb:9
  [1m[35m (0.4ms)[0m  [1m[35mCOMMIT[0m
  ↳ db/seeds.rb:9
  [1m[36mCatRentalRequest Load (0.2ms)[0m  [1m[34mSELECT "cat_rental_requests".* FROM "cat_rental_requests"[0m
  ↳ db/seeds.rb:10
  [1m[35m (0.1ms)[0m  [1m[35mBEGIN[0m
  ↳ db/seeds.rb:12
  [1m[36mCat Create (0.6ms)[0m  [1m[32mINSERT INTO "cats" ("birth_date", "color", "name", "sex", "description", "created_at", "updated_at") VALUES ($1, $2, $3, $4, $5, $6, $7) RETURNING "id"[0m  [["birth_date", "2015-02-03"], ["color", "Cinnamon"], ["name", "Tinkerbell"], ["sex", "F"], ["description", "Never have a spoonful of me"], ["created_at", "2020-04-24 20:41:15.938901"], ["updated_at", "2020-04-24 20:41:15.938901"]]
  ↳ db/seeds.rb:12
  [1m[35m (0.4ms)[0m  [1m[35mCOMMIT[0m
  ↳ db/seeds.rb:12
  [1m[35m (0.2ms)[0m  [1m[35mBEGIN[0m
  ↳ db/seeds.rb:12
  [1m[36mCat Create (0.4ms)[0m  [1m[32mINSERT INTO "cats" ("birth_date", "color", "name", "sex", "description", "created_at", "updated_at") VALUES ($1, $2, $3, $4, $5, $6, $7) RETURNING "id"[0m  [["birth_date", "2012-08-22"], ["color", "Black"], ["name", "Sir Pounce"], ["sex", "M"], ["description", "Sneak Attack! >:)"], ["created_at", "2020-04-24 20:41:15.943141"], ["updated_at", "2020-04-24 20:41:15.943141"]]
  ↳ db/seeds.rb:12
  [1m[35m (0.4ms)[0m  [1m[35mCOMMIT[0m
  ↳ db/seeds.rb:12
  [1m[35m (0.1ms)[0m  [1m[35mBEGIN[0m
  ↳ db/seeds.rb:12
  [1m[36mCat Create (0.4ms)[0m  [1m[32mINSERT INTO "cats" ("birth_date", "color", "name", "sex", "description", "created_at", "updated_at") VALUES ($1, $2, $3, $4, $5, $6, $7) RETURNING "id"[0m  [["birth_date", "2017-12-11"], ["color", "Ginger"], ["name", "Oddball"], ["sex", "M"], ["description", "Meoow"], ["created_at", "2020-04-24 20:41:15.946324"], ["updated_at", "2020-04-24 20:41:15.946324"]]
  ↳ db/seeds.rb:12
  [1m[35m (0.4ms)[0m  [1m[35mCOMMIT[0m
  ↳ db/seeds.rb:12
  [1m[35m (0.1ms)[0m  [1m[35mBEGIN[0m
  ↳ db/seeds.rb:33
  [1m[36mCatRentalRequest Exists (1.9ms)[0m  [1m[34mSELECT  1 AS one FROM "cat_rental_requests" WHERE ("cat_rental_requests"."cat_id" = $1 AND "cat_rental_requests"."start_date" BETWEEN $2 AND $3 OR "cat_rental_requests"."end_date" BETWEEN $4 AND $5) AND "cat_rental_requests"."status" = $6 LIMIT $7[0m  [["cat_id", 18], ["start_date", "2020-04-25"], ["start_date", "2020-04-30"], ["end_date", "2020-04-25"], ["end_date", "2020-04-30"], ["status", "APPROVED"], ["LIMIT", 1]]
  ↳ app/models/cat_rental_request.rb:22
  [1m[36mCat Load (0.8ms)[0m  [1m[34mSELECT  "cats".* FROM "cats" WHERE "cats"."id" = $1 LIMIT $2[0m  [["id", 18], ["LIMIT", 1]]
  ↳ db/seeds.rb:33
  [1m[36mCatRentalRequest Create (0.5ms)[0m  [1m[32mINSERT INTO "cat_rental_requests" ("cat_id", "start_date", "end_date", "status", "created_at", "updated_at") VALUES ($1, $2, $3, $4, $5, $6) RETURNING "id"[0m  [["cat_id", 18], ["start_date", "2020-04-25"], ["end_date", "2020-04-30"], ["status", "APPROVED"], ["created_at", "2020-04-24 20:41:15.965454"], ["updated_at", "2020-04-24 20:41:15.965454"]]
  ↳ db/seeds.rb:33
  [1m[35m (0.4ms)[0m  [1m[35mCOMMIT[0m
  ↳ db/seeds.rb:33
  [1m[35m (0.1ms)[0m  [1m[35mBEGIN[0m
  ↳ db/seeds.rb:33
  [1m[36mCatRentalRequest Exists (0.6ms)[0m  [1m[34mSELECT  1 AS one FROM "cat_rental_requests" WHERE ("cat_rental_requests"."cat_id" = $1 AND "cat_rental_requests"."start_date" BETWEEN $2 AND $3 OR "cat_rental_requests"."end_date" BETWEEN $4 AND $5) AND "cat_rental_requests"."status" = $6 LIMIT $7[0m  [["cat_id", 19], ["start_date", "2020-04-25"], ["start_date", "2020-04-30"], ["end_date", "2020-04-25"], ["end_date", "2020-04-30"], ["status", "APPROVED"], ["LIMIT", 1]]
  ↳ app/models/cat_rental_request.rb:22
  [1m[36mCat Load (0.8ms)[0m  [1m[34mSELECT  "cats".* FROM "cats" WHERE "cats"."id" = $1 LIMIT $2[0m  [["id", 19], ["LIMIT", 1]]
  ↳ db/seeds.rb:33
  [1m[35m (0.2ms)[0m  [1m[31mROLLBACK[0m
  ↳ db/seeds.rb:33
  [1m[35m (0.9ms)[0m  [1m[34mSELECT "schema_migrations"."version" FROM "schema_migrations" ORDER BY "schema_migrations"."version" ASC[0m
  ↳ bin/rails:9
  [1m[36mCat Load (1.1ms)[0m  [1m[34mSELECT "cats".* FROM "cats"[0m
  ↳ db/seeds.rb:9
  [1m[35m (0.2ms)[0m  [1m[35mBEGIN[0m
  ↳ db/seeds.rb:9
  [1m[36mCatRentalRequest Load (0.6ms)[0m  [1m[34mSELECT "cat_rental_requests".* FROM "cat_rental_requests" WHERE "cat_rental_requests"."cat_id" = $1[0m  [["cat_id", 18]]
  ↳ db/seeds.rb:9
  [1m[36mCatRentalRequest Destroy (0.7ms)[0m  [1m[31mDELETE FROM "cat_rental_requests" WHERE "cat_rental_requests"."id" = $1[0m  [["id", 5]]
  ↳ db/seeds.rb:9
  [1m[36mCat Destroy (0.4ms)[0m  [1m[31mDELETE FROM "cats" WHERE "cats"."id" = $1[0m  [["id", 18]]
  ↳ db/seeds.rb:9
  [1m[35m (0.9ms)[0m  [1m[35mCOMMIT[0m
  ↳ db/seeds.rb:9
  [1m[35m (0.1ms)[0m  [1m[35mBEGIN[0m
  ↳ db/seeds.rb:9
  [1m[36mCatRentalRequest Load (0.3ms)[0m  [1m[34mSELECT "cat_rental_requests".* FROM "cat_rental_requests" WHERE "cat_rental_requests"."cat_id" = $1[0m  [["cat_id", 19]]
  ↳ db/seeds.rb:9
  [1m[36mCat Destroy (0.4ms)[0m  [1m[31mDELETE FROM "cats" WHERE "cats"."id" = $1[0m  [["id", 19]]
  ↳ db/seeds.rb:9
  [1m[35m (0.4ms)[0m  [1m[35mCOMMIT[0m
  ↳ db/seeds.rb:9
  [1m[35m (0.1ms)[0m  [1m[35mBEGIN[0m
  ↳ db/seeds.rb:9
  [1m[36mCatRentalRequest Load (0.3ms)[0m  [1m[34mSELECT "cat_rental_requests".* FROM "cat_rental_requests" WHERE "cat_rental_requests"."cat_id" = $1[0m  [["cat_id", 20]]
  ↳ db/seeds.rb:9
  [1m[36mCat Destroy (0.3ms)[0m  [1m[31mDELETE FROM "cats" WHERE "cats"."id" = $1[0m  [["id", 20]]
  ↳ db/seeds.rb:9
  [1m[35m (0.3ms)[0m  [1m[35mCOMMIT[0m
  ↳ db/seeds.rb:9
  [1m[36mCatRentalRequest Load (0.2ms)[0m  [1m[34mSELECT "cat_rental_requests".* FROM "cat_rental_requests"[0m
  ↳ db/seeds.rb:10
  [1m[35m (0.1ms)[0m  [1m[35mBEGIN[0m
  ↳ db/seeds.rb:12
  [1m[36mCat Create (0.7ms)[0m  [1m[32mINSERT INTO "cats" ("birth_date", "color", "name", "sex", "description", "created_at", "updated_at") VALUES ($1, $2, $3, $4, $5, $6, $7) RETURNING "id"[0m  [["birth_date", "2015-02-03"], ["color", "Cinnamon"], ["name", "Tinkerbell"], ["sex", "F"], ["description", "Never have a spoonful of me"], ["created_at", "2020-04-24 20:42:07.869644"], ["updated_at", "2020-04-24 20:42:07.869644"]]
  ↳ db/seeds.rb:12
  [1m[35m (0.4ms)[0m  [1m[35mCOMMIT[0m
  ↳ db/seeds.rb:12
  [1m[35m (0.1ms)[0m  [1m[35mBEGIN[0m
  ↳ db/seeds.rb:12
  [1m[36mCat Create (0.4ms)[0m  [1m[32mINSERT INTO "cats" ("birth_date", "color", "name", "sex", "description", "created_at", "updated_at") VALUES ($1, $2, $3, $4, $5, $6, $7) RETURNING "id"[0m  [["birth_date", "2012-08-22"], ["color", "Black"], ["name", "Sir Pounce"], ["sex", "M"], ["description", "Sneak Attack! >:)"], ["created_at", "2020-04-24 20:42:07.873601"], ["updated_at", "2020-04-24 20:42:07.873601"]]
  ↳ db/seeds.rb:12
  [1m[35m (0.3ms)[0m  [1m[35mCOMMIT[0m
  ↳ db/seeds.rb:12
  [1m[35m (0.1ms)[0m  [1m[35mBEGIN[0m
  ↳ db/seeds.rb:12
  [1m[36mCat Create (0.5ms)[0m  [1m[32mINSERT INTO "cats" ("birth_date", "color", "name", "sex", "description", "created_at", "updated_at") VALUES ($1, $2, $3, $4, $5, $6, $7) RETURNING "id"[0m  [["birth_date", "2017-12-11"], ["color", "Ginger"], ["name", "Oddball"], ["sex", "M"], ["description", "Meoow"], ["created_at", "2020-04-24 20:42:07.876182"], ["updated_at", "2020-04-24 20:42:07.876182"]]
  ↳ db/seeds.rb:12
  [1m[35m (0.4ms)[0m  [1m[35mCOMMIT[0m
  ↳ db/seeds.rb:12
  [1m[35m (0.1ms)[0m  [1m[35mBEGIN[0m
  ↳ db/seeds.rb:33
  [1m[36mCatRentalRequest Exists (0.9ms)[0m  [1m[34mSELECT  1 AS one FROM "cat_rental_requests" WHERE ("cat_rental_requests"."cat_id" = $1 AND "cat_rental_requests"."start_date" BETWEEN $2 AND $3 OR "cat_rental_requests"."end_date" BETWEEN $4 AND $5) AND "cat_rental_requests"."status" = $6 LIMIT $7[0m  [["cat_id", 21], ["start_date", "2020-04-25"], ["start_date", "2020-04-30"], ["end_date", "2020-04-25"], ["end_date", "2020-04-30"], ["status", "APPROVED"], ["LIMIT", 1]]
  ↳ app/models/cat_rental_request.rb:22
  [1m[36mCat Load (0.3ms)[0m  [1m[34mSELECT  "cats".* FROM "cats" WHERE "cats"."id" = $1 LIMIT $2[0m  [["id", 21], ["LIMIT", 1]]
  ↳ db/seeds.rb:33
  [1m[36mCatRentalRequest Create (0.5ms)[0m  [1m[32mINSERT INTO "cat_rental_requests" ("cat_id", "start_date", "end_date", "status", "created_at", "updated_at") VALUES ($1, $2, $3, $4, $5, $6) RETURNING "id"[0m  [["cat_id", 21], ["start_date", "2020-04-25"], ["end_date", "2020-04-30"], ["status", "APPROVED"], ["created_at", "2020-04-24 20:42:07.893128"], ["updated_at", "2020-04-24 20:42:07.893128"]]
  ↳ db/seeds.rb:33
  [1m[35m (0.3ms)[0m  [1m[35mCOMMIT[0m
  ↳ db/seeds.rb:33
  [1m[35m (0.1ms)[0m  [1m[35mBEGIN[0m
  ↳ db/seeds.rb:33
  [1m[36mCatRentalRequest Exists (0.4ms)[0m  [1m[34mSELECT  1 AS one FROM "cat_rental_requests" WHERE ("cat_rental_requests"."cat_id" = $1 AND "cat_rental_requests"."start_date" BETWEEN $2 AND $3 OR "cat_rental_requests"."end_date" BETWEEN $4 AND $5) AND "cat_rental_requests"."status" = $6 LIMIT $7[0m  [["cat_id", 22], ["start_date", "2020-04-25"], ["start_date", "2020-04-30"], ["end_date", "2020-04-25"], ["end_date", "2020-04-30"], ["status", "APPROVED"], ["LIMIT", 1]]
  ↳ app/models/cat_rental_request.rb:22
  [1m[36mCat Load (0.3ms)[0m  [1m[34mSELECT  "cats".* FROM "cats" WHERE "cats"."id" = $1 LIMIT $2[0m  [["id", 22], ["LIMIT", 1]]
  ↳ db/seeds.rb:33
  [1m[35m (0.6ms)[0m  [1m[31mROLLBACK[0m
  ↳ db/seeds.rb:33
  [1m[35m (1.1ms)[0m  [1m[34mSELECT "schema_migrations"."version" FROM "schema_migrations" ORDER BY "schema_migrations"."version" ASC[0m
  ↳ bin/rails:9
  [1m[36mCat Load (0.9ms)[0m  [1m[34mSELECT "cats".* FROM "cats"[0m
  ↳ db/seeds.rb:9
  [1m[35m (0.2ms)[0m  [1m[35mBEGIN[0m
  ↳ db/seeds.rb:9
  [1m[36mCatRentalRequest Load (0.6ms)[0m  [1m[34mSELECT "cat_rental_requests".* FROM "cat_rental_requests" WHERE "cat_rental_requests"."cat_id" = $1[0m  [["cat_id", 21]]
  ↳ db/seeds.rb:9
  [1m[36mCatRentalRequest Destroy (0.8ms)[0m  [1m[31mDELETE FROM "cat_rental_requests" WHERE "cat_rental_requests"."id" = $1[0m  [["id", 6]]
  ↳ db/seeds.rb:9
  [1m[36mCat Destroy (0.5ms)[0m  [1m[31mDELETE FROM "cats" WHERE "cats"."id" = $1[0m  [["id", 21]]
  ↳ db/seeds.rb:9
  [1m[35m (1.1ms)[0m  [1m[35mCOMMIT[0m
  ↳ db/seeds.rb:9
  [1m[35m (0.1ms)[0m  [1m[35mBEGIN[0m
  ↳ db/seeds.rb:9
  [1m[36mCatRentalRequest Load (0.3ms)[0m  [1m[34mSELECT "cat_rental_requests".* FROM "cat_rental_requests" WHERE "cat_rental_requests"."cat_id" = $1[0m  [["cat_id", 22]]
  ↳ db/seeds.rb:9
  [1m[36mCat Destroy (0.3ms)[0m  [1m[31mDELETE FROM "cats" WHERE "cats"."id" = $1[0m  [["id", 22]]
  ↳ db/seeds.rb:9
  [1m[35m (0.4ms)[0m  [1m[35mCOMMIT[0m
  ↳ db/seeds.rb:9
  [1m[35m (0.1ms)[0m  [1m[35mBEGIN[0m
  ↳ db/seeds.rb:9
  [1m[36mCatRentalRequest Load (0.3ms)[0m  [1m[34mSELECT "cat_rental_requests".* FROM "cat_rental_requests" WHERE "cat_rental_requests"."cat_id" = $1[0m  [["cat_id", 23]]
  ↳ db/seeds.rb:9
  [1m[36mCat Destroy (0.4ms)[0m  [1m[31mDELETE FROM "cats" WHERE "cats"."id" = $1[0m  [["id", 23]]
  ↳ db/seeds.rb:9
  [1m[35m (0.5ms)[0m  [1m[35mCOMMIT[0m
  ↳ db/seeds.rb:9
  [1m[36mCatRentalRequest Load (0.3ms)[0m  [1m[34mSELECT "cat_rental_requests".* FROM "cat_rental_requests"[0m
  ↳ db/seeds.rb:10
  [1m[35m (0.2ms)[0m  [1m[35mBEGIN[0m
  ↳ db/seeds.rb:12
  [1m[36mCat Create (0.6ms)[0m  [1m[32mINSERT INTO "cats" ("birth_date", "color", "name", "sex", "description", "created_at", "updated_at") VALUES ($1, $2, $3, $4, $5, $6, $7) RETURNING "id"[0m  [["birth_date", "2015-02-03"], ["color", "Cinnamon"], ["name", "Tinkerbell"], ["sex", "F"], ["description", "Never have a spoonful of me"], ["created_at", "2020-04-24 20:43:23.817679"], ["updated_at", "2020-04-24 20:43:23.817679"]]
  ↳ db/seeds.rb:12
  [1m[35m (0.4ms)[0m  [1m[35mCOMMIT[0m
  ↳ db/seeds.rb:12
  [1m[35m (0.1ms)[0m  [1m[35mBEGIN[0m
  ↳ db/seeds.rb:12
  [1m[36mCat Create (0.4ms)[0m  [1m[32mINSERT INTO "cats" ("birth_date", "color", "name", "sex", "description", "created_at", "updated_at") VALUES ($1, $2, $3, $4, $5, $6, $7) RETURNING "id"[0m  [["birth_date", "2012-08-22"], ["color", "Black"], ["name", "Sir Pounce"], ["sex", "M"], ["description", "Sneak Attack! >:)"], ["created_at", "2020-04-24 20:43:23.821853"], ["updated_at", "2020-04-24 20:43:23.821853"]]
  ↳ db/seeds.rb:12
  [1m[35m (0.4ms)[0m  [1m[35mCOMMIT[0m
  ↳ db/seeds.rb:12
  [1m[35m (0.1ms)[0m  [1m[35mBEGIN[0m
  ↳ db/seeds.rb:12
  [1m[36mCat Create (0.8ms)[0m  [1m[32mINSERT INTO "cats" ("birth_date", "color", "name", "sex", "description", "created_at", "updated_at") VALUES ($1, $2, $3, $4, $5, $6, $7) RETURNING "id"[0m  [["birth_date", "2017-12-11"], ["color", "Ginger"], ["name", "Oddball"], ["sex", "M"], ["description", "Meoow"], ["created_at", "2020-04-24 20:43:23.825238"], ["updated_at", "2020-04-24 20:43:23.825238"]]
  ↳ db/seeds.rb:12
  [1m[35m (0.5ms)[0m  [1m[35mCOMMIT[0m
  ↳ db/seeds.rb:12
  [1m[35m (0.1ms)[0m  [1m[35mBEGIN[0m
  ↳ db/seeds.rb:33
  [1m[36mCatRentalRequest Exists (0.8ms)[0m  [1m[34mSELECT  1 AS one FROM "cat_rental_requests" WHERE ("cat_rental_requests"."cat_id" = $1 AND "cat_rental_requests"."start_date" BETWEEN $2 AND $3 OR "cat_rental_requests"."end_date" BETWEEN $4 AND $5) AND "cat_rental_requests"."status" = $6 LIMIT $7[0m  [["cat_id", 24], ["start_date", "2020-04-25"], ["start_date", "2020-04-30"], ["end_date", "2020-04-25"], ["end_date", "2020-04-30"], ["status", "APPROVED"], ["LIMIT", 1]]
  ↳ app/models/cat_rental_request.rb:22
  [1m[36mCat Load (0.3ms)[0m  [1m[34mSELECT  "cats".* FROM "cats" WHERE "cats"."id" = $1 LIMIT $2[0m  [["id", 24], ["LIMIT", 1]]
  ↳ db/seeds.rb:33
  [1m[36mCatRentalRequest Create (0.5ms)[0m  [1m[32mINSERT INTO "cat_rental_requests" ("cat_id", "start_date", "end_date", "status", "created_at", "updated_at") VALUES ($1, $2, $3, $4, $5, $6) RETURNING "id"[0m  [["cat_id", 24], ["start_date", "2020-04-25"], ["end_date", "2020-04-30"], ["status", "APPROVED"], ["created_at", "2020-04-24 20:43:23.841663"], ["updated_at", "2020-04-24 20:43:23.841663"]]
  ↳ db/seeds.rb:33
  [1m[35m (0.4ms)[0m  [1m[35mCOMMIT[0m
  ↳ db/seeds.rb:33
  [1m[35m (0.1ms)[0m  [1m[35mBEGIN[0m
  ↳ db/seeds.rb:33
  [1m[36mCatRentalRequest Exists (0.6ms)[0m  [1m[34mSELECT  1 AS one FROM "cat_rental_requests" WHERE ("cat_rental_requests"."cat_id" = $1 AND "cat_rental_requests"."start_date" BETWEEN $2 AND $3 OR "cat_rental_requests"."end_date" BETWEEN $4 AND $5) AND "cat_rental_requests"."status" = $6 LIMIT $7[0m  [["cat_id", 25], ["start_date", "2020-04-25"], ["start_date", "2020-04-30"], ["end_date", "2020-04-25"], ["end_date", "2020-04-30"], ["status", "APPROVED"], ["LIMIT", 1]]
  ↳ app/models/cat_rental_request.rb:22
  [1m[36mCat Load (0.5ms)[0m  [1m[34mSELECT  "cats".* FROM "cats" WHERE "cats"."id" = $1 LIMIT $2[0m  [["id", 25], ["LIMIT", 1]]
  ↳ db/seeds.rb:33
  [1m[35m (0.2ms)[0m  [1m[31mROLLBACK[0m
  ↳ db/seeds.rb:33
  [1m[35m (0.9ms)[0m  [1m[34mSELECT "schema_migrations"."version" FROM "schema_migrations" ORDER BY "schema_migrations"."version" ASC[0m
  ↳ bin/rails:9
  [1m[36mCat Load (0.7ms)[0m  [1m[34mSELECT "cats".* FROM "cats"[0m
  ↳ db/seeds.rb:9
  [1m[35m (0.2ms)[0m  [1m[35mBEGIN[0m
  ↳ db/seeds.rb:9
  [1m[36mCatRentalRequest Load (0.5ms)[0m  [1m[34mSELECT "cat_rental_requests".* FROM "cat_rental_requests" WHERE "cat_rental_requests"."cat_id" = $1[0m  [["cat_id", 24]]
  ↳ db/seeds.rb:9
  [1m[36mCatRentalRequest Destroy (0.8ms)[0m  [1m[31mDELETE FROM "cat_rental_requests" WHERE "cat_rental_requests"."id" = $1[0m  [["id", 7]]
  ↳ db/seeds.rb:9
  [1m[36mCat Destroy (0.3ms)[0m  [1m[31mDELETE FROM "cats" WHERE "cats"."id" = $1[0m  [["id", 24]]
  ↳ db/seeds.rb:9
  [1m[35m (1.2ms)[0m  [1m[35mCOMMIT[0m
  ↳ db/seeds.rb:9
  [1m[35m (0.1ms)[0m  [1m[35mBEGIN[0m
  ↳ db/seeds.rb:9
  [1m[36mCatRentalRequest Load (0.3ms)[0m  [1m[34mSELECT "cat_rental_requests".* FROM "cat_rental_requests" WHERE "cat_rental_requests"."cat_id" = $1[0m  [["cat_id", 25]]
  ↳ db/seeds.rb:9
  [1m[36mCat Destroy (0.3ms)[0m  [1m[31mDELETE FROM "cats" WHERE "cats"."id" = $1[0m  [["id", 25]]
  ↳ db/seeds.rb:9
  [1m[35m (0.4ms)[0m  [1m[35mCOMMIT[0m
  ↳ db/seeds.rb:9
  [1m[35m (0.1ms)[0m  [1m[35mBEGIN[0m
  ↳ db/seeds.rb:9
  [1m[36mCatRentalRequest Load (0.5ms)[0m  [1m[34mSELECT "cat_rental_requests".* FROM "cat_rental_requests" WHERE "cat_rental_requests"."cat_id" = $1[0m  [["cat_id", 26]]
  ↳ db/seeds.rb:9
  [1m[36mCat Destroy (0.4ms)[0m  [1m[31mDELETE FROM "cats" WHERE "cats"."id" = $1[0m  [["id", 26]]
  ↳ db/seeds.rb:9
  [1m[35m (0.4ms)[0m  [1m[35mCOMMIT[0m
  ↳ db/seeds.rb:9
  [1m[36mCatRentalRequest Load (0.3ms)[0m  [1m[34mSELECT "cat_rental_requests".* FROM "cat_rental_requests"[0m
  ↳ db/seeds.rb:10
  [1m[35m (0.1ms)[0m  [1m[35mBEGIN[0m
  ↳ db/seeds.rb:12
  [1m[36mCat Create (0.5ms)[0m  [1m[32mINSERT INTO "cats" ("birth_date", "color", "name", "sex", "description", "created_at", "updated_at") VALUES ($1, $2, $3, $4, $5, $6, $7) RETURNING "id"[0m  [["birth_date", "2015-02-03"], ["color", "Cinnamon"], ["name", "Tinkerbell"], ["sex", "F"], ["description", "Never have a spoonful of me"], ["created_at", "2020-04-24 20:44:09.511914"], ["updated_at", "2020-04-24 20:44:09.511914"]]
  ↳ db/seeds.rb:12
  [1m[35m (0.3ms)[0m  [1m[35mCOMMIT[0m
  ↳ db/seeds.rb:12
  [1m[35m (0.1ms)[0m  [1m[35mBEGIN[0m
  ↳ db/seeds.rb:12
  [1m[36mCat Create (0.4ms)[0m  [1m[32mINSERT INTO "cats" ("birth_date", "color", "name", "sex", "description", "created_at", "updated_at") VALUES ($1, $2, $3, $4, $5, $6, $7) RETURNING "id"[0m  [["birth_date", "2012-08-22"], ["color", "Black"], ["name", "Sir Pounce"], ["sex", "M"], ["description", "Sneak Attack! >:)"], ["created_at", "2020-04-24 20:44:09.515077"], ["updated_at", "2020-04-24 20:44:09.515077"]]
  ↳ db/seeds.rb:12
  [1m[35m (0.4ms)[0m  [1m[35mCOMMIT[0m
  ↳ db/seeds.rb:12
  [1m[35m (0.1ms)[0m  [1m[35mBEGIN[0m
  ↳ db/seeds.rb:12
  [1m[36mCat Create (0.3ms)[0m  [1m[32mINSERT INTO "cats" ("birth_date", "color", "name", "sex", "description", "created_at", "updated_at") VALUES ($1, $2, $3, $4, $5, $6, $7) RETURNING "id"[0m  [["birth_date", "2017-12-11"], ["color", "Ginger"], ["name", "Oddball"], ["sex", "M"], ["description", "Meoow"], ["created_at", "2020-04-24 20:44:09.518614"], ["updated_at", "2020-04-24 20:44:09.518614"]]
  ↳ db/seeds.rb:12
  [1m[35m (0.5ms)[0m  [1m[35mCOMMIT[0m
  ↳ db/seeds.rb:12
  [1m[35m (0.1ms)[0m  [1m[35mBEGIN[0m
  ↳ db/seeds.rb:33
  [1m[36mCatRentalRequest Exists (2.5ms)[0m  [1m[34mSELECT  1 AS one FROM "cat_rental_requests" WHERE "cat_rental_requests"."cat_id" = $1 AND ("cat_rental_requests"."start_date" BETWEEN $2 AND $3 OR "cat_rental_requests"."end_date" BETWEEN $4 AND $5) AND "cat_rental_requests"."status" = $6 LIMIT $7[0m  [["cat_id", 27], ["start_date", "2020-04-25"], ["start_date", "2020-04-30"], ["end_date", "2020-04-25"], ["end_date", "2020-04-30"], ["status", "APPROVED"], ["LIMIT", 1]]
  ↳ app/models/cat_rental_request.rb:22
  [1m[36mCat Load (0.3ms)[0m  [1m[34mSELECT  "cats".* FROM "cats" WHERE "cats"."id" = $1 LIMIT $2[0m  [["id", 27], ["LIMIT", 1]]
  ↳ db/seeds.rb:33
  [1m[36mCatRentalRequest Create (0.5ms)[0m  [1m[32mINSERT INTO "cat_rental_requests" ("cat_id", "start_date", "end_date", "status", "created_at", "updated_at") VALUES ($1, $2, $3, $4, $5, $6) RETURNING "id"[0m  [["cat_id", 27], ["start_date", "2020-04-25"], ["end_date", "2020-04-30"], ["status", "APPROVED"], ["created_at", "2020-04-24 20:44:09.540210"], ["updated_at", "2020-04-24 20:44:09.540210"]]
  ↳ db/seeds.rb:33
  [1m[35m (0.4ms)[0m  [1m[35mCOMMIT[0m
  ↳ db/seeds.rb:33
  [1m[35m (0.1ms)[0m  [1m[35mBEGIN[0m
  ↳ db/seeds.rb:33
  [1m[36mCatRentalRequest Exists (0.5ms)[0m  [1m[34mSELECT  1 AS one FROM "cat_rental_requests" WHERE "cat_rental_requests"."cat_id" = $1 AND ("cat_rental_requests"."start_date" BETWEEN $2 AND $3 OR "cat_rental_requests"."end_date" BETWEEN $4 AND $5) AND "cat_rental_requests"."status" = $6 LIMIT $7[0m  [["cat_id", 28], ["start_date", "2020-04-25"], ["start_date", "2020-04-30"], ["end_date", "2020-04-25"], ["end_date", "2020-04-30"], ["status", "APPROVED"], ["LIMIT", 1]]
  ↳ app/models/cat_rental_request.rb:22
  [1m[36mCat Load (0.3ms)[0m  [1m[34mSELECT  "cats".* FROM "cats" WHERE "cats"."id" = $1 LIMIT $2[0m  [["id", 28], ["LIMIT", 1]]
  ↳ db/seeds.rb:33
  [1m[36mCatRentalRequest Create (0.4ms)[0m  [1m[32mINSERT INTO "cat_rental_requests" ("cat_id", "start_date", "end_date", "created_at", "updated_at") VALUES ($1, $2, $3, $4, $5) RETURNING "id"[0m  [["cat_id", 28], ["start_date", "2020-04-25"], ["end_date", "2020-04-30"], ["created_at", "2020-04-24 20:44:09.547115"], ["updated_at", "2020-04-24 20:44:09.547115"]]
  ↳ db/seeds.rb:33
  [1m[35m (0.4ms)[0m  [1m[35mCOMMIT[0m
  ↳ db/seeds.rb:33
  [1m[35m (0.1ms)[0m  [1m[35mBEGIN[0m
  ↳ db/seeds.rb:33
  [1m[36mCatRentalRequest Exists (0.4ms)[0m  [1m[34mSELECT  1 AS one FROM "cat_rental_requests" WHERE "cat_rental_requests"."cat_id" = $1 AND ("cat_rental_requests"."start_date" BETWEEN $2 AND $3 OR "cat_rental_requests"."end_date" BETWEEN $4 AND $5) AND "cat_rental_requests"."status" = $6 LIMIT $7[0m  [["cat_id", 29], ["start_date", "2020-04-26"], ["start_date", "2020-04-30"], ["end_date", "2020-04-26"], ["end_date", "2020-04-30"], ["status", "APPROVED"], ["LIMIT", 1]]
  ↳ app/models/cat_rental_request.rb:22
  [1m[36mCat Load (0.2ms)[0m  [1m[34mSELECT  "cats".* FROM "cats" WHERE "cats"."id" = $1 LIMIT $2[0m  [["id", 29], ["LIMIT", 1]]
  ↳ db/seeds.rb:33
  [1m[36mCatRentalRequest Create (0.3ms)[0m  [1m[32mINSERT INTO "cat_rental_requests" ("cat_id", "start_date", "end_date", "status", "created_at", "updated_at") VALUES ($1, $2, $3, $4, $5, $6) RETURNING "id"[0m  [["cat_id", 29], ["start_date", "2020-04-26"], ["end_date", "2020-04-30"], ["status", "DENIED"], ["created_at", "2020-04-24 20:44:09.553554"], ["updated_at", "2020-04-24 20:44:09.553554"]]
  ↳ db/seeds.rb:33
  [1m[35m (0.3ms)[0m  [1m[35mCOMMIT[0m
  ↳ db/seeds.rb:33
  [1m[36mCatRentalRequest Load (0.6ms)[0m  [1m[34mSELECT  "cat_rental_requests".* FROM "cat_rental_requests" ORDER BY "cat_rental_requests"."id" ASC LIMIT $1[0m  [["LIMIT", 1]]
  [1m[36mCatRentalRequest Load (0.5ms)[0m  [1m[34mSELECT "cat_rental_requests".* FROM "cat_rental_requests" WHERE "cat_rental_requests"."cat_id" = $1 AND ("cat_rental_requests"."start_date" BETWEEN $2 AND $3 OR "cat_rental_requests"."end_date" BETWEEN $4 AND $5)[0m  [["cat_id", 27], ["start_date", "2020-04-25"], ["start_date", "2020-04-30"], ["end_date", "2020-04-25"], ["end_date", "2020-04-30"]]
  [1m[36mCatRentalRequest Load (0.3ms)[0m  [1m[34mSELECT  "cat_rental_requests".* FROM "cat_rental_requests" ORDER BY "cat_rental_requests"."id" ASC LIMIT $1[0m  [["LIMIT", 1]]
  [1m[36mCatRentalRequest Load (0.6ms)[0m  [1m[34mSELECT "cat_rental_requests".* FROM "cat_rental_requests" WHERE "cat_rental_requests"."cat_id" = $1 AND "cat_rental_requests"."id" != $2 AND ("cat_rental_requests"."start_date" BETWEEN $3 AND $4 OR "cat_rental_requests"."end_date" BETWEEN $5 AND $6)[0m  [["cat_id", 27], ["id", 8], ["start_date", "2020-04-25"], ["start_date", "2020-04-30"], ["end_date", "2020-04-25"], ["end_date", "2020-04-30"]]
  [1m[35m (0.2ms)[0m  [1m[35mBEGIN[0m
  [1m[36mCatRentalRequest Exists (1.4ms)[0m  [1m[34mSELECT  1 AS one FROM "cat_rental_requests" WHERE "cat_rental_requests"."cat_id" = $1 AND "cat_rental_requests"."id" IS NOT NULL AND ("cat_rental_requests"."start_date" BETWEEN $2 AND $3 OR "cat_rental_requests"."end_date" BETWEEN $4 AND $5) AND "cat_rental_requests"."status" = $6 LIMIT $7[0m  [["cat_id", 27], ["start_date", "2020-04-29"], ["start_date", "2020-05-05"], ["end_date", "2020-04-29"], ["end_date", "2020-05-05"], ["status", "APPROVED"], ["LIMIT", 1]]
  [1m[36mCat Load (0.6ms)[0m  [1m[34mSELECT  "cats".* FROM "cats" WHERE "cats"."id" = $1 LIMIT $2[0m  [["id", 27], ["LIMIT", 1]]
  [1m[35m (0.5ms)[0m  [1m[31mROLLBACK[0m
  [1m[36mCatRentalRequest Load (0.5ms)[0m  [1m[34mSELECT "cat_rental_requests".* FROM "cat_rental_requests" WHERE "cat_rental_requests"."cat_id" = $1 AND "cat_rental_requests"."id" IS NOT NULL AND ("cat_rental_requests"."start_date" BETWEEN $2 AND $3 OR "cat_rental_requests"."end_date" BETWEEN $4 AND $5)[0m  [["cat_id", 27], ["start_date", "2020-04-29"], ["start_date", "2020-05-05"], ["end_date", "2020-04-29"], ["end_date", "2020-05-05"]]
  [1m[36mCatRentalRequest Load (1.6ms)[0m  [1m[34mSELECT "cat_rental_requests".* FROM "cat_rental_requests" WHERE "cat_rental_requests"."cat_id" = $1 AND "cat_rental_requests"."id" IS NOT NULL AND ("cat_rental_requests"."start_date" BETWEEN $2 AND $3 OR "cat_rental_requests"."end_date" BETWEEN $4 AND $5)[0m  [["cat_id", 29], ["start_date", "2020-04-29"], ["start_date", "2020-05-05"], ["end_date", "2020-04-29"], ["end_date", "2020-05-05"]]
  [1m[36mCatRentalRequest Load (0.5ms)[0m  [1m[34mSELECT "cat_rental_requests".* FROM "cat_rental_requests" WHERE "cat_rental_requests"."cat_id" = $1 AND "cat_rental_requests"."id" IS NOT NULL AND ("cat_rental_requests"."start_date" BETWEEN $2 AND $3 OR "cat_rental_requests"."end_date" BETWEEN $4 AND $5) AND "cat_rental_requests"."status" = $6[0m  [["cat_id", 29], ["start_date", "2020-04-29"], ["start_date", "2020-05-05"], ["end_date", "2020-04-29"], ["end_date", "2020-05-05"], ["status", "APPROVED"]]
  [1m[35m (3.8ms)[0m  [1m[35mBEGIN[0m
  [1m[36mCatRentalRequest Exists (0.6ms)[0m  [1m[34mSELECT  1 AS one FROM "cat_rental_requests" WHERE "cat_rental_requests"."cat_id" = $1 AND "cat_rental_requests"."id" IS NOT NULL AND ("cat_rental_requests"."start_date" BETWEEN $2 AND $3 OR "cat_rental_requests"."end_date" BETWEEN $4 AND $5) AND "cat_rental_requests"."status" = $6 LIMIT $7[0m  [["cat_id", 29], ["start_date", "2020-04-29"], ["start_date", "2020-05-05"], ["end_date", "2020-04-29"], ["end_date", "2020-05-05"], ["status", "APPROVED"], ["LIMIT", 1]]
  [1m[36mCat Load (2.6ms)[0m  [1m[34mSELECT  "cats".* FROM "cats" WHERE "cats"."id" = $1 LIMIT $2[0m  [["id", 29], ["LIMIT", 1]]
  [1m[36mCatRentalRequest Create (0.7ms)[0m  [1m[32mINSERT INTO "cat_rental_requests" ("cat_id", "start_date", "end_date", "created_at", "updated_at") VALUES ($1, $2, $3, $4, $5) RETURNING "id"[0m  [["cat_id", 29], ["start_date", "2020-04-29"], ["end_date", "2020-05-05"], ["created_at", "2020-04-24 20:52:49.346357"], ["updated_at", "2020-04-24 20:52:49.346357"]]
  [1m[35m (22.1ms)[0m  [1m[35mCOMMIT[0m
